2025-05-21 01:36:09,591 [INFO] Activator:176 - 


2025-05-21 01:36:09,596 [INFO] Activator:177 - !SESSION log4j initialized
2025-05-21 01:36:17,927 [INFO] LogOutputStream:77 - [STDOUT_REDIRECT] 
2025-05-21 01:36:19,415 [INFO] ApplicationProperties:184 - Using Application install path: C:\ST\STM32CubeIDE_1.17.0\STM32CubeIDE\plugins\com.st.stm32cube.common.mx_6.14.1.202504091515
2025-05-21 01:36:19,432 [INFO] DbMcusXml:78 - Set database path to: C:\ST\STM32CubeIDE_1.17.0\STM32CubeIDE\plugins\com.st.stm32cube.common.mx_6.14.1.202504091515\\db\/mcu/
2025-05-21 01:36:19,432 [INFO] ApiDb:274 - Set plugin database path to: C:\ST\STM32CubeIDE_1.17.0\STM32CubeIDE\plugins\com.st.stm32cube.common.mx_6.14.1.202504091515\\db\/plugins/boardmanager/
2025-05-21 01:36:19,433 [WARN] ApiDb:259 - Overriding images path with different value:  => C:\ST\STM32CubeIDE_1.17.0\STM32CubeIDE\plugins\com.st.stm32cube.common.mx_6.14.1.202504091515\\db\/plugins/mcufinder/images/
2025-05-21 01:36:19,445 [INFO] ApiDb:250 - Set database path to: C:\Users\Arwar\.stmcufinder\plugins\mcufinder//mcu/
2025-05-21 01:36:19,446 [INFO] DbMcusAds:125 - Set database path to: C:\Users\Arwar\.stmcufinder\plugins\mcufinder//mcu/
2025-05-21 01:36:19,448 [INFO] CrossReferenceDbSqlite:203 - Set database path to: C:\Users\Arwar\.stmcufinder\plugins\mcufinder//mcu/cs/
2025-05-21 01:36:19,551 [INFO] RulesReader:64 - Compatibility file has been processed (302 Rules)
2025-05-21 01:36:19,640 [INFO] DbMcusXml:78 - Set database path to: C:\ST\STM32CubeIDE_1.17.0\STM32CubeIDE\plugins\com.st.stm32cube.common.mx_6.14.1.202504091515\\db\/mcu/
2025-05-21 01:36:19,640 [INFO] ApiDb:274 - Set plugin database path to: C:\ST\STM32CubeIDE_1.17.0\STM32CubeIDE\plugins\com.st.stm32cube.common.mx_6.14.1.202504091515\\db\/plugins/boardmanager/
2025-05-21 01:36:19,640 [INFO] ApiDb:261 - Set plugin images path to: C:\ST\STM32CubeIDE_1.17.0\STM32CubeIDE\plugins\com.st.stm32cube.common.mx_6.14.1.202504091515\\db\/plugins/mcufinder/images/
2025-05-21 01:36:19,641 [WARN] DbFile:41 - Overriding database path with different value: C:\Users\Arwar\.stmcufinder\plugins\mcufinder/ => C:\Users\Arwar\.stmcufinder\plugins\mcufinder
2025-05-21 01:36:19,641 [INFO] ApiDb:250 - Set database path to: C:\Users\Arwar\.stmcufinder\plugins\mcufinder//mcu/
2025-05-21 01:36:19,641 [WARN] DbFile:41 - Overriding database path with different value: C:\Users\Arwar\.stmcufinder\plugins\mcufinder/ => C:\Users\Arwar\.stmcufinder\plugins\mcufinder
2025-05-21 01:36:19,641 [INFO] DbMcusAds:125 - Set database path to: C:\Users\Arwar\.stmcufinder\plugins\mcufinder//mcu/
2025-05-21 01:36:19,641 [WARN] DbFile:41 - Overriding database path with different value: C:\Users\Arwar\.stmcufinder\plugins\mcufinder/ => C:\Users\Arwar\.stmcufinder\plugins\mcufinder
2025-05-21 01:36:19,641 [WARN] DbFile:41 - Overriding database path with different value: C:\Users\Arwar\.stmcufinder\plugins\mcufinder/ => C:\Users\Arwar\.stmcufinder\plugins\mcufinder
2025-05-21 01:36:19,641 [INFO] CrossReferenceDbSqlite:203 - Set database path to: C:\Users\Arwar\.stmcufinder\plugins\mcufinder//mcu/cs/
2025-05-21 01:36:19,717 [INFO] MainPanel:272 - HeapMemory: 268435456
2025-05-21 01:36:19,824 [INFO] DbMcusXml:78 - Set database path to: C:\ST\STM32CubeIDE_1.17.0\STM32CubeIDE\plugins\com.st.stm32cube.common.mx_6.14.1.202504091515\\db\/mcu/
2025-05-21 01:36:19,824 [INFO] ApiDb:274 - Set plugin database path to: C:\ST\STM32CubeIDE_1.17.0\STM32CubeIDE\plugins\com.st.stm32cube.common.mx_6.14.1.202504091515\\db\/plugins/boardmanager/
2025-05-21 01:36:19,824 [INFO] ApiDb:261 - Set plugin images path to: C:\ST\STM32CubeIDE_1.17.0\STM32CubeIDE\plugins\com.st.stm32cube.common.mx_6.14.1.202504091515\\db\/plugins/mcufinder/images/
2025-05-21 01:36:19,825 [WARN] DbFile:41 - Overriding database path with different value: C:\Users\Arwar\.stmcufinder\plugins\mcufinder/ => C:\Users\Arwar\.stmcufinder\plugins\mcufinder
2025-05-21 01:36:19,825 [INFO] ApiDb:250 - Set database path to: C:\Users\Arwar\.stmcufinder\plugins\mcufinder//mcu/
2025-05-21 01:36:19,825 [WARN] DbFile:41 - Overriding database path with different value: C:\Users\Arwar\.stmcufinder\plugins\mcufinder/ => C:\Users\Arwar\.stmcufinder\plugins\mcufinder
2025-05-21 01:36:19,825 [INFO] DbMcusAds:125 - Set database path to: C:\Users\Arwar\.stmcufinder\plugins\mcufinder//mcu/
2025-05-21 01:36:19,825 [WARN] DbFile:41 - Overriding database path with different value: C:\Users\Arwar\.stmcufinder\plugins\mcufinder/ => C:\Users\Arwar\.stmcufinder\plugins\mcufinder
2025-05-21 01:36:19,825 [WARN] DbFile:41 - Overriding database path with different value: C:\Users\Arwar\.stmcufinder\plugins\mcufinder/ => C:\Users\Arwar\.stmcufinder\plugins\mcufinder
2025-05-21 01:36:19,825 [INFO] CrossReferenceDbSqlite:203 - Set database path to: C:\Users\Arwar\.stmcufinder\plugins\mcufinder//mcu/cs/
2025-05-21 01:36:19,845 [INFO] ApplicationProperties:184 - Using Application install path: C:\ST\STM32CubeIDE_1.17.0\STM32CubeIDE\plugins\com.st.stm32cube.common.mx_6.14.1.202504091515
2025-05-21 01:36:19,847 [INFO] PluginManage:196 - Search for loadable plugins [exclusion list=, ]
2025-05-21 01:36:19,848 [INFO] PluginManage:310 - Check plugin analytics
2025-05-21 01:36:19,996 [INFO] AnalyticsPlugin:253 - Accepted Software Licenses: 
2025-05-21 01:36:19,996 [INFO] AnalyticsPlugin:255 - Accepted CMSIS Pack Licenses: 
2025-05-21 01:36:19,997 [INFO] AnalyticsPlugin:257 - Accepted Firmware Licenses: FW.F4.1.28.0
2025-05-21 01:36:19,999 [INFO] PluginManage:359 - Loaded plugin analytics (category:tool,tabindex:-1)
2025-05-21 01:36:20,001 [INFO] PluginManage:310 - Check plugin cadmodel
2025-05-21 01:36:20,021 [INFO] CADModel:105 - Init CAD model plugin
2025-05-21 01:36:20,021 [INFO] PluginManage:359 - Loaded plugin cadmodel (category:power,tabindex:5)
2025-05-21 01:36:20,021 [INFO] PluginManage:310 - Check plugin clock
2025-05-21 01:36:20,042 [INFO] PluginManage:359 - Loaded plugin clock (category:base,tabindex:2)
2025-05-21 01:36:20,042 [INFO] PluginManage:310 - Check plugin ddr
2025-05-21 01:36:20,046 [INFO] PluginManage:359 - Loaded plugin ddr (category:tool,tabindex:6)
2025-05-21 01:36:20,046 [INFO] PluginManage:310 - Check plugin filemanager
2025-05-21 01:36:20,173 [INFO] PluginManage:359 - Loaded plugin filemanager (category:base,tabindex:10)
2025-05-21 01:36:20,174 [INFO] PluginManage:310 - Check plugin ipmanager
2025-05-21 01:36:20,180 [INFO] PluginManage:359 - Loaded plugin ipmanager (category:base,tabindex:5)
2025-05-21 01:36:20,180 [INFO] PluginManage:310 - Check plugin lpbam
2025-05-21 01:36:20,199 [INFO] PluginManage:359 - Loaded plugin lpbam (category:base,tabindex:0)
2025-05-21 01:36:20,199 [INFO] PluginManage:310 - Check plugin memorymap
2025-05-21 01:36:20,227 [INFO] PluginManage:359 - Loaded plugin memorymap (category:base,tabindex:4)
2025-05-21 01:36:20,227 [INFO] PluginManage:310 - Check plugin pinoutandconfiguration
2025-05-21 01:36:20,248 [INFO] PluginManage:359 - Loaded plugin pinoutandconfiguration (category:base,tabindex:1)
2025-05-21 01:36:20,248 [INFO] PluginManage:310 - Check plugin pinoutconfig
2025-05-21 01:36:20,336 [WARN] SupportedApi:132 - Cannot load RTOS API schema: s4s-elt-must-match.1: The content of 'definitions' must match (annotation?, (simpleType | complexType)?, (unique | key | keyref)*)). A problem was found starting at: attribute.
2025-05-21 01:36:20,467 [INFO] PluginManage:359 - Loaded plugin pinoutconfig (category:base,tabindex:0)
2025-05-21 01:36:20,467 [INFO] PluginManage:310 - Check plugin power
2025-05-21 01:36:20,491 [INFO] PluginManage:359 - Loaded plugin power (category:power,tabindex:4)
2025-05-21 01:36:20,491 [INFO] PluginManage:310 - Check plugin projectmanager
2025-05-21 01:36:20,503 [INFO] PluginManage:359 - Loaded plugin projectmanager (category:projectmanager,tabindex:4)
2025-05-21 01:36:20,503 [INFO] PluginManage:310 - Check plugin rif
2025-05-21 01:36:20,525 [INFO] PluginManage:359 - Loaded plugin rif (category:base,tabindex:3)
2025-05-21 01:36:20,525 [INFO] PluginManage:310 - Check plugin thirdparty
2025-05-21 01:36:20,811 [INFO] PluginManage:359 - Loaded plugin thirdparty (category:base,tabindex:-1)
2025-05-21 01:36:20,811 [INFO] PluginManage:310 - Check plugin tools
2025-05-21 01:36:20,811 [WARN] IntegrityCheckThread:84 - waiting for thirdparty lock release [integrity check]
2025-05-21 01:36:20,811 [INFO] IntegrityCheckThread:86 - entering critical section [integrity check]
2025-05-21 01:36:20,812 [INFO] ThirdPartyUpdaterWithRetryManager:70 - Updater plugin not ready yet. [1/15]
2025-05-21 01:36:20,846 [INFO] PluginManage:359 - Loaded plugin tools (category:base,tabindex:7)
2025-05-21 01:36:20,846 [INFO] PluginManage:310 - Check plugin tutovideos
2025-05-21 01:36:21,031 [INFO] PluginManage:359 - Loaded plugin tutovideos (category:base,tabindex:-1)
2025-05-21 01:36:21,032 [INFO] PluginManage:310 - Check plugin updater
2025-05-21 01:36:21,053 [INFO] PluginManage:359 - Loaded plugin updater (category:base,tabindex:12)
2025-05-21 01:36:21,053 [INFO] PluginManage:310 - Check plugin userauth
2025-05-21 01:36:21,056 [INFO] UserAuth:118 - Init User Auth plugin
2025-05-21 01:36:21,058 [INFO] PluginManage:359 - Loaded plugin userauth (category:base,tabindex:14)
2025-05-21 01:36:21,058 [INFO] PluginManage:283 - PluginManage : Loaded plugins [18]
2025-05-21 01:36:21,258 [INFO] PinOutPanel:1589 - setPackage(No Configuration,No Configuration)
2025-05-21 01:36:21,344 [INFO] CADModel:165 - CPN selected for project level
2025-05-21 01:36:21,344 [INFO] CADModel:114 - Register for checkConnection events
2025-05-21 01:36:21,376 [INFO] IPUIPlugin:80 - create IPUIPlugin
2025-05-21 01:36:21,376 [INFO] PluginManager:220 - loadIPPluginJar : add adc
2025-05-21 01:36:21,418 [INFO] IPUIPlugin:80 - create IPUIPlugin
2025-05-21 01:36:21,418 [INFO] PluginManager:220 - loadIPPluginJar : add aes
2025-05-21 01:36:21,468 [INFO] IPUIPlugin:80 - create IPUIPlugin
2025-05-21 01:36:21,469 [INFO] PluginManager:220 - loadIPPluginJar : add can
2025-05-21 01:36:21,499 [INFO] IPUIPlugin:80 - create IPUIPlugin
2025-05-21 01:36:21,499 [INFO] PluginManager:220 - loadIPPluginJar : add comp
2025-05-21 01:36:21,535 [INFO] IPUIPlugin:80 - create IPUIPlugin
2025-05-21 01:36:21,535 [INFO] PluginManager:220 - loadIPPluginJar : add cryp
2025-05-21 01:36:21,549 [INFO] IPUIPlugin:80 - create IPUIPlugin
2025-05-21 01:36:21,549 [INFO] PluginManager:220 - loadIPPluginJar : add ddr_ctrl_phy
2025-05-21 01:36:21,577 [INFO] IPUIPlugin:80 - create IPUIPlugin
2025-05-21 01:36:21,577 [INFO] PluginManager:220 - loadIPPluginJar : add dfsdm
2025-05-21 01:36:21,592 [INFO] IPUIPlugin:80 - create IPUIPlugin
2025-05-21 01:36:21,593 [INFO] PluginManager:220 - loadIPPluginJar : add dma
2025-05-21 01:36:21,632 [INFO] IPUIPlugin:80 - create IPUIPlugin
2025-05-21 01:36:21,632 [INFO] PluginManager:220 - loadIPPluginJar : add dma3
2025-05-21 01:36:21,674 [INFO] IPUIPlugin:80 - create IPUIPlugin
2025-05-21 01:36:21,675 [INFO] PluginManager:220 - loadIPPluginJar : add extmemmanager
2025-05-21 01:36:21,695 [INFO] IPUIPlugin:80 - create IPUIPlugin
2025-05-21 01:36:21,696 [INFO] PluginManager:220 - loadIPPluginJar : add fatfs
2025-05-21 01:36:21,744 [INFO] IPUIPlugin:80 - create IPUIPlugin
2025-05-21 01:36:21,744 [INFO] PluginManager:220 - loadIPPluginJar : add fmc
2025-05-21 01:36:21,762 [INFO] IPUIPlugin:80 - create IPUIPlugin
2025-05-21 01:36:21,763 [INFO] PluginManager:220 - loadIPPluginJar : add freertos
2025-05-21 01:36:21,784 [INFO] IPUIPlugin:80 - create IPUIPlugin
2025-05-21 01:36:21,784 [INFO] PluginManager:220 - loadIPPluginJar : add genericplugin
2025-05-21 01:36:21,862 [INFO] IPUIPlugin:80 - create IPUIPlugin
2025-05-21 01:36:21,862 [INFO] PluginManager:220 - loadIPPluginJar : add gfxmmu
2025-05-21 01:36:21,970 [INFO] IPUIPlugin:80 - create IPUIPlugin
2025-05-21 01:36:21,970 [INFO] PluginManager:220 - loadIPPluginJar : add gic
2025-05-21 01:36:21,986 [INFO] IPUIPlugin:80 - create IPUIPlugin
2025-05-21 01:36:21,986 [INFO] PluginManager:220 - loadIPPluginJar : add gpio
2025-05-21 01:36:22,076 [INFO] IPUIPlugin:80 - create IPUIPlugin
2025-05-21 01:36:22,077 [INFO] PluginManager:220 - loadIPPluginJar : add gtzc
2025-05-21 01:36:22,107 [INFO] IPUIPlugin:80 - create IPUIPlugin
2025-05-21 01:36:22,108 [INFO] PluginManager:220 - loadIPPluginJar : add hash
2025-05-21 01:36:22,154 [INFO] IPUIPlugin:80 - create IPUIPlugin
2025-05-21 01:36:22,154 [INFO] PluginManager:220 - loadIPPluginJar : add i2c
2025-05-21 01:36:22,192 [INFO] IPUIPlugin:80 - create IPUIPlugin
2025-05-21 01:36:22,192 [INFO] PluginManager:220 - loadIPPluginJar : add i2s
2025-05-21 01:36:22,234 [INFO] IPUIPlugin:80 - create IPUIPlugin
2025-05-21 01:36:22,234 [INFO] PluginManager:220 - loadIPPluginJar : add i3c
2025-05-21 01:36:22,325 [INFO] IPUIPlugin:80 - create IPUIPlugin
2025-05-21 01:36:22,326 [INFO] PluginManager:220 - loadIPPluginJar : add ipddr
2025-05-21 01:36:22,406 [INFO] IPUIPlugin:80 - create IPUIPlugin
2025-05-21 01:36:22,407 [INFO] PluginManager:220 - loadIPPluginJar : add linkedlist
2025-05-21 01:36:22,440 [INFO] IPUIPlugin:80 - create IPUIPlugin
2025-05-21 01:36:22,440 [INFO] PluginManager:220 - loadIPPluginJar : add lorawan
2025-05-21 01:36:22,477 [INFO] IPUIPlugin:80 - create IPUIPlugin
2025-05-21 01:36:22,477 [INFO] PluginManager:220 - loadIPPluginJar : add ltdc
2025-05-21 01:36:22,494 [INFO] IPUIPlugin:80 - create IPUIPlugin
2025-05-21 01:36:22,494 [INFO] PluginManager:220 - loadIPPluginJar : add mdma
2025-05-21 01:36:22,509 [INFO] IPUIPlugin:80 - create IPUIPlugin
2025-05-21 01:36:22,509 [INFO] PluginManager:220 - loadIPPluginJar : add nvic
2025-05-21 01:36:22,550 [INFO] IPUIPlugin:80 - create IPUIPlugin
2025-05-21 01:36:22,550 [INFO] PluginManager:220 - loadIPPluginJar : add opamp
2025-05-21 01:36:22,608 [INFO] IPUIPlugin:80 - create IPUIPlugin
2025-05-21 01:36:22,608 [INFO] PluginManager:220 - loadIPPluginJar : add openamp
2025-05-21 01:36:22,650 [INFO] IPUIPlugin:80 - create IPUIPlugin
2025-05-21 01:36:22,650 [INFO] PluginManager:220 - loadIPPluginJar : add pdm2pcm
2025-05-21 01:36:22,667 [INFO] IPUIPlugin:80 - create IPUIPlugin
2025-05-21 01:36:22,669 [INFO] PluginManager:220 - loadIPPluginJar : add plateformsettings
2025-05-21 01:36:22,692 [INFO] IPUIPlugin:80 - create IPUIPlugin
2025-05-21 01:36:22,692 [INFO] PluginManager:220 - loadIPPluginJar : add quadspi
2025-05-21 01:36:22,718 [INFO] IPUIPlugin:80 - create IPUIPlugin
2025-05-21 01:36:22,719 [INFO] PluginManager:220 - loadIPPluginJar : add radio
2025-05-21 01:36:22,735 [INFO] IPUIPlugin:80 - create IPUIPlugin
2025-05-21 01:36:22,735 [INFO] PluginManager:220 - loadIPPluginJar : add resmgrutility
2025-05-21 01:36:22,779 [INFO] IPUIPlugin:80 - create IPUIPlugin
2025-05-21 01:36:22,779 [INFO] PluginManager:220 - loadIPPluginJar : add sai
2025-05-21 01:36:22,813 [INFO] IPUIPlugin:80 - create IPUIPlugin
2025-05-21 01:36:22,813 [INFO] PluginManager:220 - loadIPPluginJar : add spi
2025-05-21 01:36:22,884 [INFO] IPUIPlugin:80 - create IPUIPlugin
2025-05-21 01:36:22,884 [INFO] PluginManager:220 - loadIPPluginJar : add stm32_wpan
2025-05-21 01:36:22,909 [INFO] IPUIPlugin:80 - create IPUIPlugin
2025-05-21 01:36:22,909 [INFO] PluginManager:220 - loadIPPluginJar : add tim
2025-05-21 01:36:22,967 [INFO] IPUIPlugin:80 - create IPUIPlugin
2025-05-21 01:36:22,968 [INFO] PluginManager:220 - loadIPPluginJar : add touchsensing
2025-05-21 01:36:22,992 [INFO] IPUIPlugin:80 - create IPUIPlugin
2025-05-21 01:36:22,993 [INFO] PluginManager:220 - loadIPPluginJar : add tracer_emb
2025-05-21 01:36:23,018 [INFO] IPUIPlugin:80 - create IPUIPlugin
2025-05-21 01:36:23,018 [INFO] PluginManager:220 - loadIPPluginJar : add ts
2025-05-21 01:36:23,045 [INFO] IPUIPlugin:80 - create IPUIPlugin
2025-05-21 01:36:23,045 [INFO] PluginManager:220 - loadIPPluginJar : add tsc
2025-05-21 01:36:23,067 [INFO] IPUIPlugin:80 - create IPUIPlugin
2025-05-21 01:36:23,067 [INFO] PluginManager:220 - loadIPPluginJar : add ucpd
2025-05-21 01:36:23,113 [INFO] IPUIPlugin:80 - create IPUIPlugin
2025-05-21 01:36:23,113 [INFO] PluginManager:220 - loadIPPluginJar : add usart
2025-05-21 01:36:23,158 [INFO] IPUIPlugin:80 - create IPUIPlugin
2025-05-21 01:36:23,158 [INFO] PluginManager:220 - loadIPPluginJar : add usbx
2025-05-21 01:36:23,278 [FATAL] Updater:351 - Updater called before beeing initialized
2025-05-21 01:36:23,299 [INFO] RulesReader:64 - Compatibility file has been processed (302 Rules)
2025-05-21 01:36:23,307 [INFO] RulesReader:64 - Compatibility file has been processed (302 Rules)
2025-05-21 01:36:23,315 [INFO] CADModel:165 - CPN selected for project level
2025-05-21 01:36:23,315 [INFO] CADModel:114 - Register for checkConnection events
2025-05-21 01:36:23,315 [FATAL] Updater:351 - Updater called before beeing initialized
2025-05-21 01:36:23,315 [ERROR] CADModel:125 - Updater not yet initialized, retry later 
2025-05-21 01:36:23,460 [FATAL] Updater:351 - Updater called before beeing initialized
2025-05-21 01:36:23,463 [INFO] CADModel:165 - CPN selected for project level
2025-05-21 01:36:23,463 [INFO] CADModel:114 - Register for checkConnection events
2025-05-21 01:36:23,463 [FATAL] Updater:351 - Updater called before beeing initialized
2025-05-21 01:36:23,463 [ERROR] CADModel:125 - Updater not yet initialized, retry later 
2025-05-21 01:36:23,467 [FATAL] Updater:351 - Updater called before beeing initialized
2025-05-21 01:36:23,562 [FATAL] Updater:351 - Updater called before beeing initialized
2025-05-21 01:36:23,573 [INFO] DbMcusAds:53 - JSON generation date=Wed May 07 12:07:55 EEST 2025 (1746608875679)
2025-05-21 01:36:23,574 [FATAL] Updater:351 - Updater called before beeing initialized
2025-05-21 01:36:23,609 [WARN] DetailPanel:346 - Failed to get advertising image, set to default
2025-05-21 01:36:23,813 [INFO] ThirdPartyUpdaterWithRetryManager:70 - Updater plugin not ready yet. [2/15]
2025-05-21 01:36:23,827 [FATAL] Updater:351 - Updater called before beeing initialized
2025-05-21 01:36:23,829 [FATAL] Updater:351 - Updater called before beeing initialized
2025-05-21 01:36:23,829 [FATAL] Updater:351 - Updater called before beeing initialized
2025-05-21 01:36:23,829 [WARN] DetailPanel:346 - Failed to get advertising image, set to default
2025-05-21 01:36:23,830 [FATAL] Updater:351 - Updater called before beeing initialized
2025-05-21 01:36:23,882 [ERROR] Updater:1198 - MainUpdater not yet initialized. External WinMGr cannot be set.
2025-05-21 01:36:23,892 [INFO] Updater:1134 - Updater Version found : 6.14.1
2025-05-21 01:36:23,918 [INFO] ApplicationProperties:184 - Using Application install path: C:\ST\STM32CubeIDE_1.17.0\STM32CubeIDE\plugins\com.st.stm32cube.common.mx_6.14.1.202504091515
2025-05-21 01:36:24,863 [INFO] MainUpdater:2872 - connection check result : 10
2025-05-21 01:36:24,864 [INFO] MainUpdater:289 - Updater Check For Update Now.
2025-05-21 01:36:24,864 [INFO] MicroXplorer:498 - Change Database Version : DB.6.0.141
2025-05-21 01:36:24,888 [INFO] McuFinderGlobals:63 - Set McuFinder mode to 2 (CubeIDE integrated)
2025-05-21 01:36:24,889 [INFO] UserAuth:171 - activating auth plugin
2025-05-21 01:36:24,893 [INFO] UserAuth:484 - Internet connection configuration mode: 1
2025-05-21 01:36:24,942 [INFO] JxBrowserEngine:152 - Initiate JxBrowser Engine with user profile folder
2025-05-21 01:36:25,082 [INFO] CheckServerUpdateThread:120 - End of CheckServer Thread
2025-05-21 01:36:26,487 [INFO] WebApp:169 - Instantiating new browser for Auth
2025-05-21 01:36:27,518 [WARN] PackLoader:240 - Cannot read IP mode file for STMicroelectronics.FP-SNS-MOTENVWB1.1.4.0
2025-05-21 01:36:27,547 [WARN] PackLoader:240 - Cannot read IP mode file for STMicroelectronics.FP-ATR-ASTRA1.2.0.2
2025-05-21 01:36:27,566 [WARN] PackLoader:240 - Cannot read IP mode file for STMicroelectronics.FP-ATR-ASTRA1.2.0.1
2025-05-21 01:36:27,594 [WARN] PackLoader:240 - Cannot read IP mode file for STMicroelectronics.X-CUBE-SMBUS.2.1.0
2025-05-21 01:36:27,620 [WARN] PackLoader:240 - Cannot read IP mode file for STMicroelectronics.X-CUBE-WB05N.1.1.0
2025-05-21 01:36:27,631 [INFO] WebApp:463 - Apply proxy settings
2025-05-21 01:36:27,631 [INFO] WebApp:548 - Chromium requires no authentication
2025-05-21 01:36:27,646 [INFO] WebApp:491 - Direct internet connection detected
2025-05-21 01:36:27,677 [WARN] PackLoader:240 - Cannot read IP mode file for STMicroelectronics.X-CUBE-AZRTOS-F7.1.1.0
2025-05-21 01:36:27,702 [INFO] WebApp:894 - Register for checkConnection events
2025-05-21 01:36:27,702 [INFO] WebApp:463 - Apply proxy settings
2025-05-21 01:36:27,702 [INFO] WebApp:548 - Chromium requires no authentication
2025-05-21 01:36:27,703 [INFO] WebApp:491 - Direct internet connection detected
2025-05-21 01:36:27,710 [WARN] PackLoader:240 - Cannot read IP mode file for STMicroelectronics.FP-SNS-FLIGHT1.5.0.2
2025-05-21 01:36:27,777 [WARN] PackLoader:240 - Cannot read IP mode file for Infineon.AIROC-Wi-Fi-Bluetooth-STM32.1.7.0
2025-05-21 01:36:27,829 [WARN] PackLoader:240 - Cannot read IP mode file for STMicroelectronics.X-CUBE-DISPLAY.3.0.0
2025-05-21 01:36:27,871 [WARN] PackLoader:240 - Cannot read IP mode file for STMicroelectronics.X-CUBE-BLE1.7.0.0
2025-05-21 01:36:27,897 [WARN] PackLoader:240 - Cannot read IP mode file for STMicroelectronics.X-CUBE-NFC10.1.0.0
2025-05-21 01:36:27,935 [WARN] PackLoader:240 - Cannot read IP mode file for STMicroelectronics.X-CUBE-BLEMGR.4.0.0
2025-05-21 01:36:27,973 [WARN] PackLoader:240 - Cannot read IP mode file for emotas.I-CUBE-CANOPEN.1.3.0
2025-05-21 01:36:28,003 [WARN] ConditionMgr:438 - getConditionDescription Invalid condition id : Cortex-A Device cause : null
2025-05-21 01:36:28,041 [WARN] ConditionMgr:1044 - genDependencies : Invalid condition id : Cortex-A Device cause : null
2025-05-21 01:36:28,041 [WARN] ConditionMgr:1044 - genDependencies : Invalid condition id : Cortex-A Device cause : null
2025-05-21 01:36:28,042 [WARN] ConditionMgr:1044 - genDependencies : Invalid condition id : Cortex-A Device cause : null
2025-05-21 01:36:28,062 [WARN] PackLoader:240 - Cannot read IP mode file for STMicroelectronics.X-CUBE-AI.10.0.0
2025-05-21 01:36:28,086 [WARN] PackLoader:240 - Cannot read IP mode file for STMicroelectronics.FP-SNS-SMARTAG2.1.2.0
2025-05-21 01:36:28,121 [WARN] PackLoader:240 - Cannot read IP mode file for STMicroelectronics.FP-SNS-FLIGHT1.5.1.0
2025-05-21 01:36:28,136 [INFO] WebApp:225 - Starting web application
2025-05-21 01:36:28,137 [INFO] WebApp:593 - Web application path used C:\ST\STM32CubeIDE_1.17.0\STM32CubeIDE\plugins\com.st.stm32cube.common.mx_6.14.1.202504091515\db\plugins\mcufinder\reactClient1\index.html
2025-05-21 01:36:28,136 [INFO] WebApp:191 - Connection restablished
2025-05-21 01:36:28,216 [WARN] PackLoader:240 - Cannot read IP mode file for STMicroelectronics.X-CUBE-MEMS1.11.1.0
2025-05-21 01:36:28,393 [INFO] LogOutputStream:77 - [STDOUT_REDIRECT] 1 : Invalid condition id : UX_CORESTACK_Condition cause : null
2025-05-21 01:36:28,399 [INFO] LogOutputStream:77 - [STDOUT_REDIRECT] 1 : Invalid condition id : UX_CORESTACK_Condition cause : null
2025-05-21 01:36:28,400 [INFO] LogOutputStream:77 - [STDOUT_REDIRECT] 1 : Invalid condition id : UX_CORESTACK_Condition cause : null
2025-05-21 01:36:28,405 [INFO] LogOutputStream:77 - [STDOUT_REDIRECT] 1 : Invalid condition id : UX_CORESTACK_Condition cause : null
2025-05-21 01:36:28,406 [INFO] LogOutputStream:77 - [STDOUT_REDIRECT] 1 : Invalid condition id : UX_CORESTACK_Condition cause : null
2025-05-21 01:36:28,409 [WARN] PackLoader:240 - Cannot read IP mode file for STMicroelectronics.X-CUBE-AZRTOS-WL.2.0.0
2025-05-21 01:36:28,445 [WARN] PackLoader:240 - Cannot read IP mode file for STMicroelectronics.FP-SNS-MOTENV1.5.0.0
2025-05-21 01:36:28,486 [WARN] PackLoader:240 - Cannot read IP mode file for WES.I-CUBE-Cesium.1.3.0
2025-05-21 01:36:28,514 [WARN] PackLoader:240 - Cannot read IP mode file for STMicroelectronics.X-CUBE-BLE2.3.3.0
2025-05-21 01:36:28,544 [WARN] PackLoader:240 - Cannot read IP mode file for STMicroelectronics.X-CUBE-NFC9.1.0.0
2025-05-21 01:36:28,568 [WARN] PackLoader:240 - Cannot read IP mode file for wolfSSL.I-CUBE-wolfSSL.5.8.0
2025-05-21 01:36:28,597 [WARN] PackLoader:240 - Cannot read IP mode file for STMicroelectronics.X-CUBE-BLE1.7.1.0
2025-05-21 01:36:28,618 [WARN] PackLoader:240 - Cannot read IP mode file for wolfSSL.I-CUBE-wolfMQTT.1.19.2
2025-05-21 01:36:28,685 [WARN] PackLoader:240 - Cannot read IP mode file for STMicroelectronics.X-CUBE-MEMS1.11.2.0
2025-05-21 01:36:28,850 [WARN] PackLoader:240 - Cannot read IP mode file for STMicroelectronics.X-CUBE-AZRTOS-G0.1.1.0
2025-05-21 01:36:28,896 [WARN] PackLoader:240 - Cannot read IP mode file for STMicroelectronics.X-CUBE-SAFEA1.1.2.2
2025-05-21 01:36:28,925 [WARN] PackLoader:240 - Cannot read IP mode file for STMicroelectronics.X-CUBE-NFC4.3.0.0
2025-05-21 01:36:28,951 [WARN] PackLoader:240 - Cannot read IP mode file for EmbeddedOffice.I-CUBE-FS-RTOS.1.0.1
2025-05-21 01:36:28,968 [WARN] PackLoader:240 - Cannot read IP mode file for STMicroelectronics.X-CUBE-WB05N.2.0.0
2025-05-21 01:36:28,989 [WARN] PackLoader:240 - Cannot read IP mode file for wolfSSL.I-CUBE-wolfTPM.3.8.0
2025-05-21 01:36:29,006 [WARN] PackLoader:240 - Cannot read IP mode file for STMicroelectronics.X-CUBE-TCPP.4.2.0
2025-05-21 01:36:29,027 [WARN] PackLoader:240 - Cannot read IP mode file for RealThread.X-CUBE-RT-Thread_Nano.4.1.1
2025-05-21 01:36:29,047 [WARN] PackLoader:240 - Cannot read IP mode file for STMicroelectronics.FP-ATR-SIGFOX1.3.2.0
2025-05-21 01:36:29,063 [WARN] ConditionMgr:438 - getConditionDescription Invalid condition id : Cortex-A Device cause : null
2025-05-21 01:36:29,085 [WARN] ConditionMgr:1044 - genDependencies : Invalid condition id : Cortex-A Device cause : null
2025-05-21 01:36:29,085 [WARN] ConditionMgr:1044 - genDependencies : Invalid condition id : Cortex-A Device cause : null
2025-05-21 01:36:29,085 [WARN] ConditionMgr:1044 - genDependencies : Invalid condition id : Cortex-A Device cause : null
2025-05-21 01:36:29,102 [WARN] PackLoader:240 - Cannot read IP mode file for STMicroelectronics.X-CUBE-EEPRMA1.5.1.0
2025-05-21 01:36:29,118 [WARN] PackLoader:240 - Cannot read IP mode file for wolfSSL.I-CUBE-wolfSSL.5.7.6
2025-05-21 01:36:29,135 [WARN] PackLoader:240 - Cannot read IP mode file for ITTIA_DB.I-CUBE-ITTIADB.8.9.0
2025-05-21 01:36:29,168 [WARN] PackLoader:240 - Cannot read IP mode file for SEGGER.I-CUBE-embOS.1.3.1
2025-05-21 01:36:29,223 [WARN] PackLoader:240 - Cannot read IP mode file for STMicroelectronics.X-CUBE-ALGOBUILD.1.4.0
2025-05-21 01:36:29,253 [WARN] PackLoader:240 - Cannot read IP mode file for STMicroelectronics.X-CUBE-AZRTOS-F4.1.1.0
2025-05-21 01:36:29,269 [WARN] PackLoader:240 - Cannot read IP mode file for Avnet-IotConnect.X-CUBE-IoTC-DA16k-PMOD.1.0.0
2025-05-21 01:36:29,283 [WARN] PackLoader:240 - Cannot read IP mode file for STMicroelectronics.X-CUBE-ISPU.2.1.0
2025-05-21 01:36:29,308 [WARN] PackLoader:240 - Cannot read IP mode file for STMicroelectronics.X-CUBE-AZRTOS-L5.2.0.0
2025-05-21 01:36:29,325 [WARN] PackLoader:240 - Cannot read IP mode file for STMicroelectronics.X-CUBE-NFC6.3.1.0
2025-05-21 01:36:29,339 [WARN] PackLoader:240 - Cannot read IP mode file for STMicroelectronics.X-CUBE-DPower.1.2.0
2025-05-21 01:36:29,355 [WARN] PackLoader:240 - Cannot read IP mode file for STMicroelectronics.X-CUBE-FREERTOS.1.3.1
2025-05-21 01:36:29,369 [WARN] PackLoader:240 - Cannot read IP mode file for STMicroelectronics.X-CUBE-FREERTOS.1.3.0
2025-05-21 01:36:29,384 [WARN] PackLoader:240 - Cannot read IP mode file for STMicroelectronics.X-CUBE-NFC7.1.0.1
2025-05-21 01:36:29,398 [WARN] PackLoader:240 - Cannot read IP mode file for STMicroelectronics.X-CUBE-DPower.1.3.0
2025-05-21 01:36:29,424 [WARN] ConditionMgr:438 - getConditionDescription Invalid condition id : LAN8742 Phy interface Condition cause : null
2025-05-21 01:36:29,425 [WARN] PackLoader:240 - Cannot read IP mode file for STMicroelectronics.X-CUBE-AZRTOS-L4.2.0.0
2025-05-21 01:36:29,425 [WARN] ConditionMgr:1044 - genDependencies : Invalid condition id : LAN8742 Phy interface Condition cause : null
2025-05-21 01:36:29,426 [WARN] ConditionMgr:1044 - genDependencies : Invalid condition id : LAN8742 Phy interface Condition cause : null
2025-05-21 01:36:29,426 [WARN] ConditionMgr:1044 - genDependencies : Invalid condition id : LAN8742 Phy interface Condition cause : null
2025-05-21 01:36:29,441 [WARN] PackLoader:240 - Cannot read IP mode file for STMicroelectronics.X-CUBE-SFXS2LP1.4.0.0
2025-05-21 01:36:29,471 [WARN] PackLoader:240 - Cannot read IP mode file for STMicroelectronics.X-CUBE-AZRTOS-H7.3.3.0
2025-05-21 01:36:29,495 [WARN] ConditionMgr:438 - getConditionDescription Invalid condition id : UX DEVICE CLASS RTOS Condition cause : null
2025-05-21 01:36:29,495 [WARN] ConditionMgr:438 - getConditionDescription Invalid condition id : UX DEVICE CLASS RTOS Condition cause : null
2025-05-21 01:36:29,496 [WARN] PackLoader:240 - Cannot read IP mode file for STMicroelectronics.X-CUBE-AZRTOS-WB.2.0.0
2025-05-21 01:36:29,496 [WARN] ConditionMgr:1044 - genDependencies : Invalid condition id : UX DEVICE CLASS RTOS Condition cause : null
2025-05-21 01:36:29,496 [WARN] ConditionMgr:1044 - genDependencies : Invalid condition id : UX DEVICE CLASS RTOS Condition cause : null
2025-05-21 01:36:29,496 [WARN] ConditionMgr:1044 - genDependencies : Invalid condition id : UX DEVICE CLASS RTOS Condition cause : null
2025-05-21 01:36:29,496 [WARN] ConditionMgr:1044 - genDependencies : Invalid condition id : UX DEVICE CLASS RTOS Condition cause : null
2025-05-21 01:36:29,496 [WARN] ConditionMgr:1044 - genDependencies : Invalid condition id : UX DEVICE CLASS RTOS Condition cause : null
2025-05-21 01:36:29,510 [WARN] PackLoader:240 - Cannot read IP mode file for STMicroelectronics.X-CUBE-GNSS1.7.0.1
2025-05-21 01:36:29,525 [WARN] PackLoader:240 - Cannot read IP mode file for STMicroelectronics.X-CUBE-TOUCHGFX.4.25.0
2025-05-21 01:36:29,540 [WARN] PackLoader:240 - Cannot read IP mode file for STMicroelectronics.FP-SNS-STBOX1.2.0.0
2025-05-21 01:36:29,562 [WARN] PackLoader:240 - Cannot read IP mode file for STMicroelectronics.X-CUBE-SUBG2.5.0.0
2025-05-21 01:36:29,593 [WARN] PackLoader:240 - Cannot read IP mode file for STMicroelectronics.X-CUBE-AZRTOS-H7RS.1.1.0
2025-05-21 01:36:29,611 [WARN] PackLoader:240 - Cannot read IP mode file for Cesanta.I-CUBE-Mongoose.7.13.0
2025-05-21 01:36:29,633 [WARN] PackLoader:240 - Cannot read IP mode file for STMicroelectronics.X-CUBE-AZRTOS-G4.2.0.0
2025-05-21 01:36:29,646 [WARN] PackLoader:240 - Cannot read IP mode file for wolfSSL.I-CUBE-wolfSSH.1.4.20
2025-05-21 01:36:29,659 [WARN] PackLoader:240 - Cannot read IP mode file for STMicroelectronics.X-CUBE-NFC7.2.0.0
2025-05-21 01:36:29,676 [WARN] PackLoader:240 - Cannot read IP mode file for STMicroelectronics.X-CUBE-IPS.3.1.0
2025-05-21 01:36:29,695 [WARN] PackLoader:240 - Cannot read IP mode file for STMicroelectronics.X-CUBE-ALS.1.0.2
2025-05-21 01:36:29,709 [WARN] PackLoader:240 - Cannot read IP mode file for STMicroelectronics.X-CUBE-TOUCHGFX.4.24.2
2025-05-21 01:36:29,723 [WARN] PackLoader:240 - Cannot read IP mode file for portGmbH.I-Cube-SoM-uGOAL.1.1.0
2025-05-21 01:36:29,746 [WARN] PackLoader:240 - Cannot read IP mode file for STMicroelectronics.X-CUBE-AZRTOS-H7RS.1.0.0
2025-05-21 01:36:29,767 [WARN] PackLoader:240 - Cannot read IP mode file for STMicroelectronics.X-CUBE-TOF1.3.4.2
2025-05-21 01:36:29,787 [WARN] PackLoader:240 - Cannot read IP mode file for STMicroelectronics.X-CUBE-TOF1.3.4.3
2025-05-21 01:36:29,792 [INFO] ThirdParty:978 - Integrity check success = true
2025-05-21 01:36:29,792 [INFO] IntegrityCheckThread:100 - exiting critical section [integrity check]
2025-05-21 01:36:29,792 [INFO] IntegrityCheckThread:103 - End integrity checks thread
2025-05-21 04:00:08,488 [INFO] WebApp:194 - Connection lost
2025-05-21 04:00:10,122 [INFO] WebApp:191 - Connection restablished
2025-05-21 04:00:14,171 [INFO] WebApp:194 - Connection lost
2025-05-21 04:00:14,367 [INFO] WebApp:191 - Connection restablished
2025-05-21 04:04:23,691 [INFO] WebApp:194 - Connection lost
2025-05-21 04:04:25,769 [INFO] WebApp:191 - Connection restablished
2025-05-21 04:04:43,676 [INFO] WebApp:194 - Connection lost
2025-05-21 04:04:43,886 [INFO] WebApp:191 - Connection restablished
2025-05-21 04:08:18,191 [INFO] WebApp:194 - Connection lost
2025-05-21 04:08:22,496 [INFO] WebApp:191 - Connection restablished
2025-05-21 04:08:29,680 [INFO] WebApp:194 - Connection lost
2025-05-21 04:09:02,267 [INFO] WebApp:191 - Connection restablished
2025-05-21 04:09:10,177 [INFO] WebApp:194 - Connection lost
2025-05-21 04:09:10,905 [INFO] WebApp:191 - Connection restablished
2025-05-21 04:09:20,177 [INFO] WebApp:194 - Connection lost
2025-05-21 04:09:50,564 [INFO] WebApp:191 - Connection restablished
2025-05-21 04:09:53,674 [INFO] WebApp:194 - Connection lost
2025-05-21 04:09:54,091 [INFO] WebApp:191 - Connection restablished
2025-05-21 04:10:02,685 [INFO] WebApp:194 - Connection lost
2025-05-21 04:10:03,248 [INFO] WebApp:191 - Connection restablished
2025-05-21 04:10:24,180 [INFO] WebApp:194 - Connection lost
2025-05-21 04:10:24,551 [INFO] WebApp:191 - Connection restablished
2025-05-21 04:10:39,687 [INFO] WebApp:194 - Connection lost
2025-05-21 04:10:39,869 [INFO] WebApp:191 - Connection restablished
2025-05-21 04:11:16,173 [INFO] WebApp:194 - Connection lost
2025-05-21 04:11:52,098 [INFO] WebApp:191 - Connection restablished
2025-05-21 04:11:53,679 [INFO] WebApp:194 - Connection lost
2025-05-21 04:11:53,861 [INFO] WebApp:191 - Connection restablished
2025-05-21 04:15:01,689 [INFO] WebApp:194 - Connection lost
2025-05-21 04:15:01,892 [INFO] WebApp:191 - Connection restablished
2025-05-21 04:15:20,686 [INFO] WebApp:194 - Connection lost
2025-05-21 04:15:20,832 [INFO] WebApp:191 - Connection restablished
2025-05-21 04:20:50,190 [INFO] WebApp:194 - Connection lost
2025-05-21 04:20:51,622 [INFO] WebApp:191 - Connection restablished
2025-05-21 04:20:59,173 [INFO] WebApp:194 - Connection lost
2025-05-21 04:21:00,136 [INFO] WebApp:191 - Connection restablished
2025-05-21 04:21:05,167 [INFO] WebApp:194 - Connection lost
2025-05-21 04:21:05,626 [INFO] WebApp:191 - Connection restablished
2025-05-21 04:21:25,171 [INFO] WebApp:194 - Connection lost
2025-05-21 04:21:25,387 [INFO] WebApp:191 - Connection restablished
2025-05-21 04:21:40,175 [INFO] WebApp:194 - Connection lost
2025-05-21 04:21:40,559 [INFO] WebApp:191 - Connection restablished
2025-05-21 04:21:57,173 [INFO] WebApp:194 - Connection lost
2025-05-21 04:21:57,366 [INFO] WebApp:191 - Connection restablished
2025-05-21 04:22:17,169 [INFO] WebApp:194 - Connection lost
2025-05-21 04:22:19,218 [INFO] WebApp:191 - Connection restablished
2025-05-21 04:22:47,191 [INFO] WebApp:194 - Connection lost
2025-05-21 04:23:03,497 [INFO] WebApp:191 - Connection restablished
2025-05-21 04:23:12,172 [INFO] WebApp:194 - Connection lost
2025-05-21 04:23:13,217 [INFO] WebApp:191 - Connection restablished
2025-05-21 04:23:28,179 [INFO] WebApp:194 - Connection lost
2025-05-21 04:23:29,134 [INFO] WebApp:191 - Connection restablished
2025-05-21 04:23:44,687 [INFO] WebApp:194 - Connection lost
2025-05-21 04:23:48,858 [INFO] WebApp:191 - Connection restablished
2025-05-21 04:23:52,179 [INFO] WebApp:194 - Connection lost
2025-05-21 04:23:52,778 [INFO] WebApp:191 - Connection restablished
2025-05-21 04:24:16,179 [INFO] WebApp:194 - Connection lost
2025-05-21 04:24:17,104 [INFO] WebApp:191 - Connection restablished
2025-05-21 04:24:41,189 [INFO] WebApp:194 - Connection lost
2025-05-21 04:24:42,004 [INFO] WebApp:191 - Connection restablished
2025-05-21 04:25:13,688 [INFO] WebApp:194 - Connection lost
2025-05-21 04:25:17,216 [INFO] WebApp:191 - Connection restablished
2025-05-21 04:25:20,690 [INFO] WebApp:194 - Connection lost
2025-05-21 04:25:20,998 [INFO] WebApp:191 - Connection restablished
