2025-06-13 05:38:42,172 [INFO] Activator:176 - 


2025-06-13 05:38:42,176 [INFO] Activator:177 - !SESSION log4j initialized
2025-06-13 05:38:50,980 [INFO] LogOutputStream:77 - [STDOUT_REDIRECT] 
2025-06-13 05:38:53,016 [INFO] ApplicationProperties:184 - Using Application install path: C:\ST\STM32CubeIDE_1.17.0\STM32CubeIDE\plugins\com.st.stm32cube.common.mx_6.14.1.202504091515
2025-06-13 05:38:53,035 [INFO] DbMcusXml:78 - Set database path to: C:\ST\STM32CubeIDE_1.17.0\STM32CubeIDE\plugins\com.st.stm32cube.common.mx_6.14.1.202504091515\\db\/mcu/
2025-06-13 05:38:53,035 [INFO] ApiDb:274 - Set plugin database path to: C:\ST\STM32CubeIDE_1.17.0\STM32CubeIDE\plugins\com.st.stm32cube.common.mx_6.14.1.202504091515\\db\/plugins/boardmanager/
2025-06-13 05:38:53,036 [WARN] ApiDb:259 - Overriding images path with different value:  => C:\ST\STM32CubeIDE_1.17.0\STM32CubeIDE\plugins\com.st.stm32cube.common.mx_6.14.1.202504091515\\db\/plugins/mcufinder/images/
2025-06-13 05:38:53,047 [INFO] ApiDb:250 - Set database path to: C:\Users\Arwar\.stmcufinder\plugins\mcufinder//mcu/
2025-06-13 05:38:53,048 [INFO] DbMcusAds:125 - Set database path to: C:\Users\Arwar\.stmcufinder\plugins\mcufinder//mcu/
2025-06-13 05:38:53,050 [INFO] CrossReferenceDbSqlite:203 - Set database path to: C:\Users\Arwar\.stmcufinder\plugins\mcufinder//mcu/cs/
2025-06-13 05:38:53,164 [INFO] RulesReader:64 - Compatibility file has been processed (302 Rules)
2025-06-13 05:38:53,262 [INFO] DbMcusXml:78 - Set database path to: C:\ST\STM32CubeIDE_1.17.0\STM32CubeIDE\plugins\com.st.stm32cube.common.mx_6.14.1.202504091515\\db\/mcu/
2025-06-13 05:38:53,262 [INFO] ApiDb:274 - Set plugin database path to: C:\ST\STM32CubeIDE_1.17.0\STM32CubeIDE\plugins\com.st.stm32cube.common.mx_6.14.1.202504091515\\db\/plugins/boardmanager/
2025-06-13 05:38:53,263 [INFO] ApiDb:261 - Set plugin images path to: C:\ST\STM32CubeIDE_1.17.0\STM32CubeIDE\plugins\com.st.stm32cube.common.mx_6.14.1.202504091515\\db\/plugins/mcufinder/images/
2025-06-13 05:38:53,263 [WARN] DbFile:41 - Overriding database path with different value: C:\Users\Arwar\.stmcufinder\plugins\mcufinder/ => C:\Users\Arwar\.stmcufinder\plugins\mcufinder
2025-06-13 05:38:53,263 [INFO] ApiDb:250 - Set database path to: C:\Users\Arwar\.stmcufinder\plugins\mcufinder//mcu/
2025-06-13 05:38:53,263 [WARN] DbFile:41 - Overriding database path with different value: C:\Users\Arwar\.stmcufinder\plugins\mcufinder/ => C:\Users\Arwar\.stmcufinder\plugins\mcufinder
2025-06-13 05:38:53,263 [INFO] DbMcusAds:125 - Set database path to: C:\Users\Arwar\.stmcufinder\plugins\mcufinder//mcu/
2025-06-13 05:38:53,263 [WARN] DbFile:41 - Overriding database path with different value: C:\Users\Arwar\.stmcufinder\plugins\mcufinder/ => C:\Users\Arwar\.stmcufinder\plugins\mcufinder
2025-06-13 05:38:53,263 [WARN] DbFile:41 - Overriding database path with different value: C:\Users\Arwar\.stmcufinder\plugins\mcufinder/ => C:\Users\Arwar\.stmcufinder\plugins\mcufinder
2025-06-13 05:38:53,263 [INFO] CrossReferenceDbSqlite:203 - Set database path to: C:\Users\Arwar\.stmcufinder\plugins\mcufinder//mcu/cs/
2025-06-13 05:38:53,354 [INFO] MainPanel:272 - HeapMemory: 268435456
2025-06-13 05:38:53,468 [INFO] DbMcusXml:78 - Set database path to: C:\ST\STM32CubeIDE_1.17.0\STM32CubeIDE\plugins\com.st.stm32cube.common.mx_6.14.1.202504091515\\db\/mcu/
2025-06-13 05:38:53,468 [INFO] ApiDb:274 - Set plugin database path to: C:\ST\STM32CubeIDE_1.17.0\STM32CubeIDE\plugins\com.st.stm32cube.common.mx_6.14.1.202504091515\\db\/plugins/boardmanager/
2025-06-13 05:38:53,468 [INFO] ApiDb:261 - Set plugin images path to: C:\ST\STM32CubeIDE_1.17.0\STM32CubeIDE\plugins\com.st.stm32cube.common.mx_6.14.1.202504091515\\db\/plugins/mcufinder/images/
2025-06-13 05:38:53,469 [WARN] DbFile:41 - Overriding database path with different value: C:\Users\Arwar\.stmcufinder\plugins\mcufinder/ => C:\Users\Arwar\.stmcufinder\plugins\mcufinder
2025-06-13 05:38:53,469 [INFO] ApiDb:250 - Set database path to: C:\Users\Arwar\.stmcufinder\plugins\mcufinder//mcu/
2025-06-13 05:38:53,469 [WARN] DbFile:41 - Overriding database path with different value: C:\Users\Arwar\.stmcufinder\plugins\mcufinder/ => C:\Users\Arwar\.stmcufinder\plugins\mcufinder
2025-06-13 05:38:53,469 [INFO] DbMcusAds:125 - Set database path to: C:\Users\Arwar\.stmcufinder\plugins\mcufinder//mcu/
2025-06-13 05:38:53,469 [WARN] DbFile:41 - Overriding database path with different value: C:\Users\Arwar\.stmcufinder\plugins\mcufinder/ => C:\Users\Arwar\.stmcufinder\plugins\mcufinder
2025-06-13 05:38:53,469 [WARN] DbFile:41 - Overriding database path with different value: C:\Users\Arwar\.stmcufinder\plugins\mcufinder/ => C:\Users\Arwar\.stmcufinder\plugins\mcufinder
2025-06-13 05:38:53,469 [INFO] CrossReferenceDbSqlite:203 - Set database path to: C:\Users\Arwar\.stmcufinder\plugins\mcufinder//mcu/cs/
2025-06-13 05:38:53,487 [INFO] ApplicationProperties:184 - Using Application install path: C:\ST\STM32CubeIDE_1.17.0\STM32CubeIDE\plugins\com.st.stm32cube.common.mx_6.14.1.202504091515
2025-06-13 05:38:53,491 [INFO] PluginManage:196 - Search for loadable plugins [exclusion list=, ]
2025-06-13 05:38:53,492 [INFO] PluginManage:310 - Check plugin analytics
2025-06-13 05:38:53,641 [INFO] AnalyticsPlugin:253 - Accepted Software Licenses: 
2025-06-13 05:38:53,641 [INFO] AnalyticsPlugin:255 - Accepted CMSIS Pack Licenses: 
2025-06-13 05:38:53,641 [INFO] AnalyticsPlugin:257 - Accepted Firmware Licenses: FW.F4.1.28.0
2025-06-13 05:38:53,644 [INFO] PluginManage:359 - Loaded plugin analytics (category:tool,tabindex:-1)
2025-06-13 05:38:53,644 [INFO] PluginManage:310 - Check plugin cadmodel
2025-06-13 05:38:53,661 [INFO] CADModel:105 - Init CAD model plugin
2025-06-13 05:38:53,661 [INFO] PluginManage:359 - Loaded plugin cadmodel (category:power,tabindex:5)
2025-06-13 05:38:53,661 [INFO] PluginManage:310 - Check plugin clock
2025-06-13 05:38:53,690 [INFO] PluginManage:359 - Loaded plugin clock (category:base,tabindex:2)
2025-06-13 05:38:53,691 [INFO] PluginManage:310 - Check plugin ddr
2025-06-13 05:38:53,693 [INFO] PluginManage:359 - Loaded plugin ddr (category:tool,tabindex:6)
2025-06-13 05:38:53,693 [INFO] PluginManage:310 - Check plugin filemanager
2025-06-13 05:38:53,839 [INFO] PluginManage:359 - Loaded plugin filemanager (category:base,tabindex:10)
2025-06-13 05:38:53,839 [INFO] PluginManage:310 - Check plugin ipmanager
2025-06-13 05:38:53,848 [INFO] PluginManage:359 - Loaded plugin ipmanager (category:base,tabindex:5)
2025-06-13 05:38:53,848 [INFO] PluginManage:310 - Check plugin lpbam
2025-06-13 05:38:53,867 [INFO] PluginManage:359 - Loaded plugin lpbam (category:base,tabindex:0)
2025-06-13 05:38:53,867 [INFO] PluginManage:310 - Check plugin memorymap
2025-06-13 05:38:53,893 [INFO] PluginManage:359 - Loaded plugin memorymap (category:base,tabindex:4)
2025-06-13 05:38:53,894 [INFO] PluginManage:310 - Check plugin pinoutandconfiguration
2025-06-13 05:38:53,914 [INFO] PluginManage:359 - Loaded plugin pinoutandconfiguration (category:base,tabindex:1)
2025-06-13 05:38:53,914 [INFO] PluginManage:310 - Check plugin pinoutconfig
2025-06-13 05:38:54,010 [WARN] SupportedApi:132 - Cannot load RTOS API schema: s4s-elt-must-match.1: The content of 'definitions' must match (annotation?, (simpleType | complexType)?, (unique | key | keyref)*)). A problem was found starting at: attribute.
2025-06-13 05:38:54,146 [INFO] PluginManage:359 - Loaded plugin pinoutconfig (category:base,tabindex:0)
2025-06-13 05:38:54,147 [INFO] PluginManage:310 - Check plugin power
2025-06-13 05:38:54,176 [INFO] PluginManage:359 - Loaded plugin power (category:power,tabindex:4)
2025-06-13 05:38:54,176 [INFO] PluginManage:310 - Check plugin projectmanager
2025-06-13 05:38:54,192 [INFO] PluginManage:359 - Loaded plugin projectmanager (category:projectmanager,tabindex:4)
2025-06-13 05:38:54,192 [INFO] PluginManage:310 - Check plugin rif
2025-06-13 05:38:54,217 [INFO] PluginManage:359 - Loaded plugin rif (category:base,tabindex:3)
2025-06-13 05:38:54,217 [INFO] PluginManage:310 - Check plugin thirdparty
2025-06-13 05:38:54,534 [INFO] PluginManage:359 - Loaded plugin thirdparty (category:base,tabindex:-1)
2025-06-13 05:38:54,534 [WARN] IntegrityCheckThread:84 - waiting for thirdparty lock release [integrity check]
2025-06-13 05:38:54,535 [INFO] PluginManage:310 - Check plugin tools
2025-06-13 05:38:54,535 [INFO] IntegrityCheckThread:86 - entering critical section [integrity check]
2025-06-13 05:38:54,535 [INFO] ThirdPartyUpdaterWithRetryManager:70 - Updater plugin not ready yet. [1/15]
2025-06-13 05:38:54,580 [INFO] PluginManage:359 - Loaded plugin tools (category:base,tabindex:7)
2025-06-13 05:38:54,580 [INFO] PluginManage:310 - Check plugin tutovideos
2025-06-13 05:38:54,803 [INFO] PluginManage:359 - Loaded plugin tutovideos (category:base,tabindex:-1)
2025-06-13 05:38:54,803 [INFO] PluginManage:310 - Check plugin updater
2025-06-13 05:38:54,829 [INFO] PluginManage:359 - Loaded plugin updater (category:base,tabindex:12)
2025-06-13 05:38:54,829 [INFO] PluginManage:310 - Check plugin userauth
2025-06-13 05:38:54,834 [INFO] UserAuth:118 - Init User Auth plugin
2025-06-13 05:38:54,834 [INFO] PluginManage:359 - Loaded plugin userauth (category:base,tabindex:14)
2025-06-13 05:38:54,835 [INFO] PluginManage:283 - PluginManage : Loaded plugins [18]
2025-06-13 05:38:55,068 [INFO] PinOutPanel:1589 - setPackage(No Configuration,No Configuration)
2025-06-13 05:38:55,162 [INFO] CADModel:165 - CPN selected for project level
2025-06-13 05:38:55,162 [INFO] CADModel:114 - Register for checkConnection events
2025-06-13 05:38:55,197 [INFO] IPUIPlugin:80 - create IPUIPlugin
2025-06-13 05:38:55,198 [INFO] PluginManager:220 - loadIPPluginJar : add adc
2025-06-13 05:38:55,248 [INFO] IPUIPlugin:80 - create IPUIPlugin
2025-06-13 05:38:55,248 [INFO] PluginManager:220 - loadIPPluginJar : add aes
2025-06-13 05:38:55,303 [INFO] IPUIPlugin:80 - create IPUIPlugin
2025-06-13 05:38:55,303 [INFO] PluginManager:220 - loadIPPluginJar : add can
2025-06-13 05:38:55,339 [INFO] IPUIPlugin:80 - create IPUIPlugin
2025-06-13 05:38:55,339 [INFO] PluginManager:220 - loadIPPluginJar : add comp
2025-06-13 05:38:55,382 [INFO] IPUIPlugin:80 - create IPUIPlugin
2025-06-13 05:38:55,382 [INFO] PluginManager:220 - loadIPPluginJar : add cryp
2025-06-13 05:38:55,402 [INFO] IPUIPlugin:80 - create IPUIPlugin
2025-06-13 05:38:55,402 [INFO] PluginManager:220 - loadIPPluginJar : add ddr_ctrl_phy
2025-06-13 05:38:55,438 [INFO] IPUIPlugin:80 - create IPUIPlugin
2025-06-13 05:38:55,438 [INFO] PluginManager:220 - loadIPPluginJar : add dfsdm
2025-06-13 05:38:55,454 [INFO] IPUIPlugin:80 - create IPUIPlugin
2025-06-13 05:38:55,454 [INFO] PluginManager:220 - loadIPPluginJar : add dma
2025-06-13 05:38:55,506 [INFO] IPUIPlugin:80 - create IPUIPlugin
2025-06-13 05:38:55,506 [INFO] PluginManager:220 - loadIPPluginJar : add dma3
2025-06-13 05:38:55,573 [INFO] IPUIPlugin:80 - create IPUIPlugin
2025-06-13 05:38:55,573 [INFO] PluginManager:220 - loadIPPluginJar : add extmemmanager
2025-06-13 05:38:55,598 [INFO] IPUIPlugin:80 - create IPUIPlugin
2025-06-13 05:38:55,598 [INFO] PluginManager:220 - loadIPPluginJar : add fatfs
2025-06-13 05:38:55,648 [INFO] IPUIPlugin:80 - create IPUIPlugin
2025-06-13 05:38:55,648 [INFO] PluginManager:220 - loadIPPluginJar : add fmc
2025-06-13 05:38:55,662 [INFO] IPUIPlugin:80 - create IPUIPlugin
2025-06-13 05:38:55,662 [INFO] PluginManager:220 - loadIPPluginJar : add freertos
2025-06-13 05:38:55,688 [INFO] IPUIPlugin:80 - create IPUIPlugin
2025-06-13 05:38:55,688 [INFO] PluginManager:220 - loadIPPluginJar : add genericplugin
2025-06-13 05:38:55,787 [INFO] IPUIPlugin:80 - create IPUIPlugin
2025-06-13 05:38:55,787 [INFO] PluginManager:220 - loadIPPluginJar : add gfxmmu
2025-06-13 05:38:55,922 [INFO] IPUIPlugin:80 - create IPUIPlugin
2025-06-13 05:38:55,922 [INFO] PluginManager:220 - loadIPPluginJar : add gic
2025-06-13 05:38:55,936 [INFO] IPUIPlugin:80 - create IPUIPlugin
2025-06-13 05:38:55,936 [INFO] PluginManager:220 - loadIPPluginJar : add gpio
2025-06-13 05:38:56,029 [INFO] IPUIPlugin:80 - create IPUIPlugin
2025-06-13 05:38:56,029 [INFO] PluginManager:220 - loadIPPluginJar : add gtzc
2025-06-13 05:38:56,062 [INFO] IPUIPlugin:80 - create IPUIPlugin
2025-06-13 05:38:56,062 [INFO] PluginManager:220 - loadIPPluginJar : add hash
2025-06-13 05:38:56,147 [INFO] IPUIPlugin:80 - create IPUIPlugin
2025-06-13 05:38:56,147 [INFO] PluginManager:220 - loadIPPluginJar : add i2c
2025-06-13 05:38:56,218 [INFO] IPUIPlugin:80 - create IPUIPlugin
2025-06-13 05:38:56,218 [INFO] PluginManager:220 - loadIPPluginJar : add i2s
2025-06-13 05:38:56,295 [INFO] IPUIPlugin:80 - create IPUIPlugin
2025-06-13 05:38:56,295 [INFO] PluginManager:220 - loadIPPluginJar : add i3c
2025-06-13 05:38:56,415 [INFO] IPUIPlugin:80 - create IPUIPlugin
2025-06-13 05:38:56,415 [INFO] PluginManager:220 - loadIPPluginJar : add ipddr
2025-06-13 05:38:56,520 [INFO] IPUIPlugin:80 - create IPUIPlugin
2025-06-13 05:38:56,520 [INFO] PluginManager:220 - loadIPPluginJar : add linkedlist
2025-06-13 05:38:56,556 [INFO] IPUIPlugin:80 - create IPUIPlugin
2025-06-13 05:38:56,556 [INFO] PluginManager:220 - loadIPPluginJar : add lorawan
2025-06-13 05:38:56,599 [INFO] IPUIPlugin:80 - create IPUIPlugin
2025-06-13 05:38:56,600 [INFO] PluginManager:220 - loadIPPluginJar : add ltdc
2025-06-13 05:38:56,616 [INFO] IPUIPlugin:80 - create IPUIPlugin
2025-06-13 05:38:56,616 [INFO] PluginManager:220 - loadIPPluginJar : add mdma
2025-06-13 05:38:56,631 [INFO] IPUIPlugin:80 - create IPUIPlugin
2025-06-13 05:38:56,632 [INFO] PluginManager:220 - loadIPPluginJar : add nvic
2025-06-13 05:38:56,677 [INFO] IPUIPlugin:80 - create IPUIPlugin
2025-06-13 05:38:56,677 [INFO] PluginManager:220 - loadIPPluginJar : add opamp
2025-06-13 05:38:56,754 [INFO] IPUIPlugin:80 - create IPUIPlugin
2025-06-13 05:38:56,754 [INFO] PluginManager:220 - loadIPPluginJar : add openamp
2025-06-13 05:38:56,813 [INFO] IPUIPlugin:80 - create IPUIPlugin
2025-06-13 05:38:56,813 [INFO] PluginManager:220 - loadIPPluginJar : add pdm2pcm
2025-06-13 05:38:56,829 [INFO] IPUIPlugin:80 - create IPUIPlugin
2025-06-13 05:38:56,831 [INFO] PluginManager:220 - loadIPPluginJar : add plateformsettings
2025-06-13 05:38:56,855 [INFO] IPUIPlugin:80 - create IPUIPlugin
2025-06-13 05:38:56,855 [INFO] PluginManager:220 - loadIPPluginJar : add quadspi
2025-06-13 05:38:56,887 [INFO] IPUIPlugin:80 - create IPUIPlugin
2025-06-13 05:38:56,887 [INFO] PluginManager:220 - loadIPPluginJar : add radio
2025-06-13 05:38:56,902 [INFO] IPUIPlugin:80 - create IPUIPlugin
2025-06-13 05:38:56,902 [INFO] PluginManager:220 - loadIPPluginJar : add resmgrutility
2025-06-13 05:38:56,951 [INFO] IPUIPlugin:80 - create IPUIPlugin
2025-06-13 05:38:56,951 [INFO] PluginManager:220 - loadIPPluginJar : add sai
2025-06-13 05:38:56,989 [INFO] IPUIPlugin:80 - create IPUIPlugin
2025-06-13 05:38:56,989 [INFO] PluginManager:220 - loadIPPluginJar : add spi
2025-06-13 05:38:57,061 [INFO] IPUIPlugin:80 - create IPUIPlugin
2025-06-13 05:38:57,061 [INFO] PluginManager:220 - loadIPPluginJar : add stm32_wpan
2025-06-13 05:38:57,093 [INFO] IPUIPlugin:80 - create IPUIPlugin
2025-06-13 05:38:57,093 [INFO] PluginManager:220 - loadIPPluginJar : add tim
2025-06-13 05:38:57,155 [INFO] IPUIPlugin:80 - create IPUIPlugin
2025-06-13 05:38:57,155 [INFO] PluginManager:220 - loadIPPluginJar : add touchsensing
2025-06-13 05:38:57,180 [INFO] IPUIPlugin:80 - create IPUIPlugin
2025-06-13 05:38:57,180 [INFO] PluginManager:220 - loadIPPluginJar : add tracer_emb
2025-06-13 05:38:57,207 [INFO] IPUIPlugin:80 - create IPUIPlugin
2025-06-13 05:38:57,207 [INFO] PluginManager:220 - loadIPPluginJar : add ts
2025-06-13 05:38:57,231 [INFO] IPUIPlugin:80 - create IPUIPlugin
2025-06-13 05:38:57,231 [INFO] PluginManager:220 - loadIPPluginJar : add tsc
2025-06-13 05:38:57,254 [INFO] IPUIPlugin:80 - create IPUIPlugin
2025-06-13 05:38:57,254 [INFO] PluginManager:220 - loadIPPluginJar : add ucpd
2025-06-13 05:38:57,302 [INFO] IPUIPlugin:80 - create IPUIPlugin
2025-06-13 05:38:57,302 [INFO] PluginManager:220 - loadIPPluginJar : add usart
2025-06-13 05:38:57,365 [INFO] IPUIPlugin:80 - create IPUIPlugin
2025-06-13 05:38:57,365 [INFO] PluginManager:220 - loadIPPluginJar : add usbx
2025-06-13 05:38:57,487 [FATAL] Updater:351 - Updater called before beeing initialized
2025-06-13 05:38:57,505 [INFO] RulesReader:64 - Compatibility file has been processed (302 Rules)
2025-06-13 05:38:57,514 [INFO] RulesReader:64 - Compatibility file has been processed (302 Rules)
2025-06-13 05:38:57,521 [INFO] CADModel:165 - CPN selected for project level
2025-06-13 05:38:57,521 [INFO] CADModel:114 - Register for checkConnection events
2025-06-13 05:38:57,521 [FATAL] Updater:351 - Updater called before beeing initialized
2025-06-13 05:38:57,521 [ERROR] CADModel:125 - Updater not yet initialized, retry later 
2025-06-13 05:38:57,548 [INFO] ThirdPartyUpdaterWithRetryManager:70 - Updater plugin not ready yet. [2/15]
2025-06-13 05:38:57,662 [FATAL] Updater:351 - Updater called before beeing initialized
2025-06-13 05:38:57,662 [INFO] CADModel:165 - CPN selected for project level
2025-06-13 05:38:57,662 [INFO] CADModel:114 - Register for checkConnection events
2025-06-13 05:38:57,662 [FATAL] Updater:351 - Updater called before beeing initialized
2025-06-13 05:38:57,662 [ERROR] CADModel:125 - Updater not yet initialized, retry later 
2025-06-13 05:38:57,662 [FATAL] Updater:351 - Updater called before beeing initialized
2025-06-13 05:38:57,764 [FATAL] Updater:351 - Updater called before beeing initialized
2025-06-13 05:38:57,774 [INFO] DbMcusAds:53 - JSON generation date=Wed May 07 12:07:55 EEST 2025 (1746608875679)
2025-06-13 05:38:57,774 [FATAL] Updater:351 - Updater called before beeing initialized
2025-06-13 05:38:57,809 [WARN] DetailPanel:346 - Failed to get advertising image, set to default
2025-06-13 05:38:58,031 [FATAL] Updater:351 - Updater called before beeing initialized
2025-06-13 05:38:58,034 [FATAL] Updater:351 - Updater called before beeing initialized
2025-06-13 05:38:58,034 [FATAL] Updater:351 - Updater called before beeing initialized
2025-06-13 05:38:58,034 [WARN] DetailPanel:346 - Failed to get advertising image, set to default
2025-06-13 05:38:58,035 [FATAL] Updater:351 - Updater called before beeing initialized
2025-06-13 05:38:58,088 [ERROR] Updater:1198 - MainUpdater not yet initialized. External WinMGr cannot be set.
2025-06-13 05:38:58,099 [INFO] Updater:1134 - Updater Version found : 6.14.1
2025-06-13 05:38:58,115 [INFO] ApplicationProperties:184 - Using Application install path: C:\ST\STM32CubeIDE_1.17.0\STM32CubeIDE\plugins\com.st.stm32cube.common.mx_6.14.1.202504091515
2025-06-13 05:38:58,905 [INFO] MainUpdater:2872 - connection check result : 10
2025-06-13 05:38:58,905 [INFO] MainUpdater:3566 - Updater definition file requires update
2025-06-13 05:38:58,906 [INFO] MainUpdater:289 - Updater Check For Update Now.
2025-06-13 05:38:58,906 [INFO] MicroXplorer:498 - Change Database Version : DB.6.0.141
2025-06-13 05:38:58,925 [INFO] McuFinderGlobals:63 - Set McuFinder mode to 2 (CubeIDE integrated)
2025-06-13 05:38:58,925 [INFO] UserAuth:171 - activating auth plugin
2025-06-13 05:38:58,927 [INFO] UserAuth:484 - Internet connection configuration mode: 1
2025-06-13 05:38:58,954 [INFO] JxBrowserEngine:152 - Initiate JxBrowser Engine with user profile folder
2025-06-13 05:38:59,196 [INFO] ServerAccessManage:473 - Download File updaters.zip
2025-06-13 05:38:59,441 [INFO] FileExtend:242 - Unzip File : updaters.zip
2025-06-13 05:38:59,441 [INFO] FileExtend:257 - Standard Zip Deflate
2025-06-13 05:39:00,405 [INFO] ServerAccessManage:473 - Download File PacksControlFlags.xml
2025-06-13 05:39:00,549 [WARN] MainUpdater:1193 - Updater busy. Cannot search thirdparties
2025-06-13 05:39:00,549 [INFO] ThirdPartyUpdaterWithRetryManager:96 - Updater plugin is busy. [1/15]
2025-06-13 05:39:00,570 [INFO] ServerAccessManage:473 - Download File cubemx.pidx
2025-06-13 05:39:00,658 [INFO] WebApp:169 - Instantiating new browser for Auth
2025-06-13 05:39:01,314 [INFO] ServerAccessManage:473 - Download File STMicroelectronics.X-CUBE-AI.pdsc
2025-06-13 05:39:01,877 [INFO] WebApp:463 - Apply proxy settings
2025-06-13 05:39:01,877 [INFO] WebApp:548 - Chromium requires no authentication
2025-06-13 05:39:01,891 [INFO] WebApp:491 - Direct internet connection detected
2025-06-13 05:39:01,934 [INFO] WebApp:894 - Register for checkConnection events
2025-06-13 05:39:01,935 [INFO] WebApp:463 - Apply proxy settings
2025-06-13 05:39:01,935 [INFO] WebApp:548 - Chromium requires no authentication
2025-06-13 05:39:01,936 [INFO] WebApp:491 - Direct internet connection detected
2025-06-13 05:39:02,198 [INFO] WebApp:225 - Starting web application
2025-06-13 05:39:02,199 [INFO] WebApp:593 - Web application path used C:\ST\STM32CubeIDE_1.17.0\STM32CubeIDE\plugins\com.st.stm32cube.common.mx_6.14.1.202504091515\db\plugins\mcufinder\reactClient1\index.html
2025-06-13 05:39:02,312 [INFO] WebApp:191 - Connection restablished
2025-06-13 05:39:03,550 [WARN] MainUpdater:1193 - Updater busy. Cannot search thirdparties
2025-06-13 05:39:03,550 [INFO] ThirdPartyUpdaterWithRetryManager:96 - Updater plugin is busy. [2/15]
2025-06-13 05:39:04,469 [INFO] ServerAccessManage:473 - Download File STMicroelectronics.X-CUBE-MEMS1.pdsc
2025-06-13 05:39:06,552 [WARN] MainUpdater:1193 - Updater busy. Cannot search thirdparties
2025-06-13 05:39:06,552 [INFO] ThirdPartyUpdaterWithRetryManager:96 - Updater plugin is busy. [3/15]
2025-06-13 05:39:08,599 [INFO] ServerAccessManage:473 - Download File STMicroelectronics.X-CUBE-ST60.pdsc
2025-06-13 05:39:08,936 [INFO] ServerAccessManage:473 - Download File STMicroelectronics.X-CUBE-ST67W61.pdsc
2025-06-13 05:39:09,553 [WARN] MainUpdater:1193 - Updater busy. Cannot search thirdparties
2025-06-13 05:39:09,553 [INFO] ThirdPartyUpdaterWithRetryManager:96 - Updater plugin is busy. [4/15]
2025-06-13 05:39:09,908 [WARN] PackLoader:240 - Cannot read IP mode file for STMicroelectronics.X-CUBE-AI.10.1.0
2025-06-13 05:39:09,995 [WARN] PackLoader:240 - Cannot read IP mode file for STMicroelectronics.X-CUBE-MEMS1.11.3.0
2025-06-13 05:39:10,056 [INFO] CheckServerUpdateThread:120 - End of CheckServer Thread
2025-06-13 05:39:10,161 [WARN] PackLoader:240 - Cannot read IP mode file for STMicroelectronics.X-CUBE-ST60.1.0.0
2025-06-13 05:39:10,171 [WARN] PackLoader:240 - Cannot read IP mode file for STMicroelectronics.X-CUBE-ST67W61.1.0.0
2025-06-13 05:39:10,172 [INFO] PopulateThirdPartyThread:66 - Ending populate Thread
2025-06-13 05:39:10,175 [INFO] ThirdParty:1030 - CMSIS Pack Vendor :STMicroelectronics X-CUBE-AI 10.1.0
2025-06-13 05:39:10,176 [INFO] ThirdParty:1030 - CMSIS Pack Vendor :STMicroelectronics X-CUBE-ST67W61 1.0.0
2025-06-13 05:39:10,176 [INFO] ThirdParty:1030 - CMSIS Pack Vendor :STMicroelectronics X-CUBE-ST60 1.0.0
2025-06-13 05:39:10,176 [INFO] ThirdParty:1030 - CMSIS Pack Vendor :STMicroelectronics X-CUBE-MEMS1 11.3.0
2025-06-13 05:39:10,176 [INFO] LoadServerUpdatesThread:375 - End of LoadServerUpdate Thread
2025-06-13 05:39:12,765 [WARN] PackLoader:240 - Cannot read IP mode file for STMicroelectronics.FP-SNS-MOTENVWB1.1.4.0
2025-06-13 05:39:12,770 [WARN] PackLoader:240 - Cannot read IP mode file for STMicroelectronics.FP-ATR-ASTRA1.2.0.2
2025-06-13 05:39:12,783 [WARN] PackLoader:240 - Cannot read IP mode file for STMicroelectronics.FP-ATR-ASTRA1.2.0.1
2025-06-13 05:39:12,800 [WARN] PackLoader:240 - Cannot read IP mode file for STMicroelectronics.X-CUBE-SMBUS.2.1.0
2025-06-13 05:39:12,827 [WARN] PackLoader:240 - Cannot read IP mode file for STMicroelectronics.X-CUBE-WB05N.1.1.0
2025-06-13 05:39:12,830 [WARN] PackLoader:240 - Cannot read IP mode file for STMicroelectronics.X-CUBE-ST60.1.0.0
2025-06-13 05:39:12,857 [WARN] PackLoader:240 - Cannot read IP mode file for STMicroelectronics.X-CUBE-AZRTOS-F7.1.1.0
2025-06-13 05:39:12,872 [WARN] PackLoader:240 - Cannot read IP mode file for STMicroelectronics.FP-SNS-FLIGHT1.5.0.2
2025-06-13 05:39:12,899 [WARN] PackLoader:240 - Cannot read IP mode file for Infineon.AIROC-Wi-Fi-Bluetooth-STM32.1.7.0
2025-06-13 05:39:12,918 [WARN] PackLoader:240 - Cannot read IP mode file for STMicroelectronics.X-CUBE-DISPLAY.3.0.0
2025-06-13 05:39:12,939 [WARN] PackLoader:240 - Cannot read IP mode file for STMicroelectronics.X-CUBE-BLE1.7.0.0
2025-06-13 05:39:12,955 [WARN] PackLoader:240 - Cannot read IP mode file for STMicroelectronics.X-CUBE-NFC10.1.0.0
2025-06-13 05:39:12,976 [WARN] PackLoader:240 - Cannot read IP mode file for STMicroelectronics.X-CUBE-BLEMGR.4.0.0
2025-06-13 05:39:12,995 [WARN] PackLoader:240 - Cannot read IP mode file for emotas.I-CUBE-CANOPEN.1.3.0
2025-06-13 05:39:13,002 [WARN] ConditionMgr:438 - getConditionDescription Invalid condition id : Cortex-A Device cause : null
2025-06-13 05:39:13,026 [WARN] ConditionMgr:1044 - genDependencies : Invalid condition id : Cortex-A Device cause : null
2025-06-13 05:39:13,027 [WARN] ConditionMgr:1044 - genDependencies : Invalid condition id : Cortex-A Device cause : null
2025-06-13 05:39:13,027 [WARN] ConditionMgr:1044 - genDependencies : Invalid condition id : Cortex-A Device cause : null
2025-06-13 05:39:13,045 [WARN] PackLoader:240 - Cannot read IP mode file for STMicroelectronics.X-CUBE-AI.10.0.0
2025-06-13 05:39:13,063 [WARN] PackLoader:240 - Cannot read IP mode file for STMicroelectronics.FP-SNS-SMARTAG2.1.2.0
2025-06-13 05:39:13,067 [WARN] PackLoader:240 - Cannot read IP mode file for STMicroelectronics.FP-SNS-FLIGHT1.5.1.0
2025-06-13 05:39:13,115 [WARN] PackLoader:240 - Cannot read IP mode file for STMicroelectronics.X-CUBE-MEMS1.11.1.0
2025-06-13 05:39:13,210 [INFO] LogOutputStream:77 - [STDOUT_REDIRECT] 1 : Invalid condition id : UX_CORESTACK_Condition cause : null
2025-06-13 05:39:13,211 [INFO] LogOutputStream:77 - [STDOUT_REDIRECT] 1 : Invalid condition id : UX_CORESTACK_Condition cause : null
2025-06-13 05:39:13,211 [INFO] LogOutputStream:77 - [STDOUT_REDIRECT] 1 : Invalid condition id : UX_CORESTACK_Condition cause : null
2025-06-13 05:39:13,211 [INFO] LogOutputStream:77 - [STDOUT_REDIRECT] 1 : Invalid condition id : UX_CORESTACK_Condition cause : null
2025-06-13 05:39:13,212 [INFO] LogOutputStream:77 - [STDOUT_REDIRECT] 1 : Invalid condition id : UX_CORESTACK_Condition cause : null
2025-06-13 05:39:13,215 [WARN] PackLoader:240 - Cannot read IP mode file for STMicroelectronics.X-CUBE-AZRTOS-WL.2.0.0
2025-06-13 05:39:13,238 [WARN] PackLoader:240 - Cannot read IP mode file for STMicroelectronics.FP-SNS-MOTENV1.5.0.0
2025-06-13 05:39:13,263 [WARN] PackLoader:240 - Cannot read IP mode file for WES.I-CUBE-Cesium.1.3.0
2025-06-13 05:39:13,285 [WARN] PackLoader:240 - Cannot read IP mode file for STMicroelectronics.X-CUBE-BLE2.3.3.0
2025-06-13 05:39:13,308 [WARN] PackLoader:240 - Cannot read IP mode file for STMicroelectronics.X-CUBE-NFC9.1.0.0
2025-06-13 05:39:13,334 [WARN] PackLoader:240 - Cannot read IP mode file for wolfSSL.I-CUBE-wolfSSL.5.8.0
2025-06-13 05:39:13,355 [WARN] PackLoader:240 - Cannot read IP mode file for STMicroelectronics.X-CUBE-BLE1.7.1.0
2025-06-13 05:39:13,363 [WARN] PackLoader:240 - Cannot read IP mode file for wolfSSL.I-CUBE-wolfMQTT.1.19.2
2025-06-13 05:39:13,368 [WARN] PackLoader:240 - Cannot read IP mode file for STMicroelectronics.X-CUBE-AI.10.1.0
2025-06-13 05:39:13,420 [WARN] PackLoader:240 - Cannot read IP mode file for STMicroelectronics.X-CUBE-MEMS1.11.2.0
2025-06-13 05:39:13,517 [WARN] PackLoader:240 - Cannot read IP mode file for STMicroelectronics.X-CUBE-AZRTOS-G0.1.1.0
2025-06-13 05:39:13,542 [WARN] PackLoader:240 - Cannot read IP mode file for STMicroelectronics.X-CUBE-SAFEA1.1.2.2
2025-06-13 05:39:13,563 [WARN] PackLoader:240 - Cannot read IP mode file for STMicroelectronics.X-CUBE-NFC4.3.0.0
2025-06-13 05:39:13,586 [WARN] PackLoader:240 - Cannot read IP mode file for EmbeddedOffice.I-CUBE-FS-RTOS.1.0.1
2025-06-13 05:39:13,604 [WARN] PackLoader:240 - Cannot read IP mode file for STMicroelectronics.X-CUBE-WB05N.2.0.0
2025-06-13 05:39:13,610 [WARN] PackLoader:240 - Cannot read IP mode file for wolfSSL.I-CUBE-wolfTPM.3.8.0
2025-06-13 05:39:13,627 [WARN] PackLoader:240 - Cannot read IP mode file for STMicroelectronics.X-CUBE-TCPP.4.2.0
2025-06-13 05:39:13,645 [WARN] PackLoader:240 - Cannot read IP mode file for RealThread.X-CUBE-RT-Thread_Nano.4.1.1
2025-06-13 05:39:13,651 [WARN] PackLoader:240 - Cannot read IP mode file for STMicroelectronics.FP-ATR-SIGFOX1.3.2.0
2025-06-13 05:39:13,665 [WARN] ConditionMgr:438 - getConditionDescription Invalid condition id : Cortex-A Device cause : null
2025-06-13 05:39:13,682 [WARN] ConditionMgr:1044 - genDependencies : Invalid condition id : Cortex-A Device cause : null
2025-06-13 05:39:13,682 [WARN] ConditionMgr:1044 - genDependencies : Invalid condition id : Cortex-A Device cause : null
2025-06-13 05:39:13,682 [WARN] ConditionMgr:1044 - genDependencies : Invalid condition id : Cortex-A Device cause : null
2025-06-13 05:39:13,700 [WARN] PackLoader:240 - Cannot read IP mode file for STMicroelectronics.X-CUBE-EEPRMA1.5.1.0
2025-06-13 05:39:13,714 [WARN] PackLoader:240 - Cannot read IP mode file for wolfSSL.I-CUBE-wolfSSL.5.7.6
2025-06-13 05:39:13,731 [WARN] PackLoader:240 - Cannot read IP mode file for ITTIA_DB.I-CUBE-ITTIADB.8.9.0
2025-06-13 05:39:13,736 [WARN] PackLoader:240 - Cannot read IP mode file for STMicroelectronics.X-CUBE-ST67W61.1.0.0
2025-06-13 05:39:13,763 [WARN] PackLoader:240 - Cannot read IP mode file for SEGGER.I-CUBE-embOS.1.3.1
2025-06-13 05:39:13,798 [WARN] PackLoader:240 - Cannot read IP mode file for STMicroelectronics.X-CUBE-ALGOBUILD.1.4.0
2025-06-13 05:39:13,826 [WARN] PackLoader:240 - Cannot read IP mode file for STMicroelectronics.X-CUBE-MEMS1.11.3.0
2025-06-13 05:39:13,955 [WARN] PackLoader:240 - Cannot read IP mode file for STMicroelectronics.X-CUBE-AZRTOS-F4.1.1.0
2025-06-13 05:39:13,968 [WARN] PackLoader:240 - Cannot read IP mode file for Avnet-IotConnect.X-CUBE-IoTC-DA16k-PMOD.1.0.0
2025-06-13 05:39:14,014 [WARN] PackLoader:240 - Cannot read IP mode file for STMicroelectronics.X-CUBE-ISPU.2.1.0
2025-06-13 05:39:14,046 [WARN] PackLoader:240 - Cannot read IP mode file for STMicroelectronics.X-CUBE-AZRTOS-L5.2.0.0
2025-06-13 05:39:14,067 [WARN] PackLoader:240 - Cannot read IP mode file for STMicroelectronics.X-CUBE-NFC6.3.1.0
2025-06-13 05:39:14,090 [WARN] PackLoader:240 - Cannot read IP mode file for STMicroelectronics.X-CUBE-DPower.1.2.0
2025-06-13 05:39:14,111 [WARN] PackLoader:240 - Cannot read IP mode file for STMicroelectronics.X-CUBE-FREERTOS.1.3.1
2025-06-13 05:39:14,127 [WARN] PackLoader:240 - Cannot read IP mode file for STMicroelectronics.X-CUBE-FREERTOS.1.3.0
2025-06-13 05:39:14,144 [WARN] PackLoader:240 - Cannot read IP mode file for STMicroelectronics.X-CUBE-NFC7.1.0.1
2025-06-13 05:39:14,160 [WARN] PackLoader:240 - Cannot read IP mode file for STMicroelectronics.X-CUBE-DPower.1.3.0
2025-06-13 05:39:14,192 [WARN] ConditionMgr:438 - getConditionDescription Invalid condition id : LAN8742 Phy interface Condition cause : null
2025-06-13 05:39:14,193 [WARN] PackLoader:240 - Cannot read IP mode file for STMicroelectronics.X-CUBE-AZRTOS-L4.2.0.0
2025-06-13 05:39:14,194 [WARN] ConditionMgr:1044 - genDependencies : Invalid condition id : LAN8742 Phy interface Condition cause : null
2025-06-13 05:39:14,194 [WARN] ConditionMgr:1044 - genDependencies : Invalid condition id : LAN8742 Phy interface Condition cause : null
2025-06-13 05:39:14,194 [WARN] ConditionMgr:1044 - genDependencies : Invalid condition id : LAN8742 Phy interface Condition cause : null
2025-06-13 05:39:14,214 [WARN] PackLoader:240 - Cannot read IP mode file for STMicroelectronics.X-CUBE-SFXS2LP1.4.0.0
2025-06-13 05:39:14,246 [WARN] PackLoader:240 - Cannot read IP mode file for STMicroelectronics.X-CUBE-AZRTOS-H7.3.3.0
2025-06-13 05:39:14,274 [WARN] ConditionMgr:438 - getConditionDescription Invalid condition id : UX DEVICE CLASS RTOS Condition cause : null
2025-06-13 05:39:14,274 [WARN] ConditionMgr:438 - getConditionDescription Invalid condition id : UX DEVICE CLASS RTOS Condition cause : null
2025-06-13 05:39:14,276 [WARN] PackLoader:240 - Cannot read IP mode file for STMicroelectronics.X-CUBE-AZRTOS-WB.2.0.0
2025-06-13 05:39:14,276 [WARN] ConditionMgr:1044 - genDependencies : Invalid condition id : UX DEVICE CLASS RTOS Condition cause : null
2025-06-13 05:39:14,276 [WARN] ConditionMgr:1044 - genDependencies : Invalid condition id : UX DEVICE CLASS RTOS Condition cause : null
2025-06-13 05:39:14,276 [WARN] ConditionMgr:1044 - genDependencies : Invalid condition id : UX DEVICE CLASS RTOS Condition cause : null
2025-06-13 05:39:14,276 [WARN] ConditionMgr:1044 - genDependencies : Invalid condition id : UX DEVICE CLASS RTOS Condition cause : null
2025-06-13 05:39:14,276 [WARN] ConditionMgr:1044 - genDependencies : Invalid condition id : UX DEVICE CLASS RTOS Condition cause : null
2025-06-13 05:39:14,297 [WARN] PackLoader:240 - Cannot read IP mode file for STMicroelectronics.X-CUBE-GNSS1.7.0.1
2025-06-13 05:39:14,318 [WARN] PackLoader:240 - Cannot read IP mode file for STMicroelectronics.X-CUBE-TOUCHGFX.4.25.0
2025-06-13 05:39:14,338 [WARN] PackLoader:240 - Cannot read IP mode file for STMicroelectronics.FP-SNS-STBOX1.2.0.0
2025-06-13 05:39:14,364 [WARN] PackLoader:240 - Cannot read IP mode file for STMicroelectronics.X-CUBE-SUBG2.5.0.0
2025-06-13 05:39:14,400 [WARN] PackLoader:240 - Cannot read IP mode file for STMicroelectronics.X-CUBE-AZRTOS-H7RS.1.1.0
2025-06-13 05:39:14,411 [WARN] PackLoader:240 - Cannot read IP mode file for Cesanta.I-CUBE-Mongoose.7.13.0
2025-06-13 05:39:14,440 [WARN] PackLoader:240 - Cannot read IP mode file for STMicroelectronics.X-CUBE-AZRTOS-G4.2.0.0
2025-06-13 05:39:14,448 [WARN] PackLoader:240 - Cannot read IP mode file for wolfSSL.I-CUBE-wolfSSH.1.4.20
2025-06-13 05:39:14,464 [WARN] PackLoader:240 - Cannot read IP mode file for STMicroelectronics.X-CUBE-NFC7.2.0.0
2025-06-13 05:39:14,487 [WARN] PackLoader:240 - Cannot read IP mode file for STMicroelectronics.X-CUBE-IPS.3.1.0
2025-06-13 05:39:14,508 [WARN] PackLoader:240 - Cannot read IP mode file for STMicroelectronics.X-CUBE-ALS.1.0.2
2025-06-13 05:39:14,527 [WARN] PackLoader:240 - Cannot read IP mode file for STMicroelectronics.X-CUBE-TOUCHGFX.4.24.2
2025-06-13 05:39:14,543 [WARN] PackLoader:240 - Cannot read IP mode file for portGmbH.I-Cube-SoM-uGOAL.1.1.0
2025-06-13 05:39:14,571 [WARN] PackLoader:240 - Cannot read IP mode file for STMicroelectronics.X-CUBE-AZRTOS-H7RS.1.0.0
2025-06-13 05:39:14,593 [WARN] PackLoader:240 - Cannot read IP mode file for STMicroelectronics.X-CUBE-TOF1.3.4.2
2025-06-13 05:39:14,617 [WARN] PackLoader:240 - Cannot read IP mode file for STMicroelectronics.X-CUBE-TOF1.3.4.3
2025-06-13 05:39:14,622 [INFO] ThirdParty:978 - Integrity check success = true
2025-06-13 05:39:14,622 [INFO] IntegrityCheckThread:100 - exiting critical section [integrity check]
2025-06-13 05:39:14,622 [INFO] IntegrityCheckThread:103 - End integrity checks thread
2025-06-13 05:46:08,685 [ERROR] LogOutputStream:75 - [STDERR_REDIRECT] 5:46:08.681 ERROR Failed to accept connection
2025-06-13 05:46:08,685 [ERROR] LogOutputStream:75 - [STDERR_REDIRECT] com.teamdev.jxbrowser.deps.com.google.protobuf.InvalidProtocolBufferException$InvalidWireTypeException: Protocol message tag had invalid wire type.
2025-06-13 05:46:08,687 [ERROR] LogOutputStream:75 - [STDERR_REDIRECT] 	at com.teamdev.jxbrowser.deps.com.google.protobuf.InvalidProtocolBufferException.invalidWireType(InvalidProtocolBufferException.java:142)
2025-06-13 05:46:08,687 [ERROR] LogOutputStream:75 - [STDERR_REDIRECT] 	at com.teamdev.jxbrowser.deps.com.google.protobuf.UnknownFieldSet$Builder.mergeFieldFrom(UnknownFieldSet.java:527)
2025-06-13 05:46:08,687 [ERROR] LogOutputStream:75 - [STDERR_REDIRECT] 	at com.teamdev.jxbrowser.deps.com.google.protobuf.GeneratedMessageV3$Builder.parseUnknownField(GeneratedMessageV3.java:863)
2025-06-13 05:46:08,687 [ERROR] LogOutputStream:75 - [STDERR_REDIRECT] 	at com.teamdev.jxbrowser.internal.rpc.ConnectionCreated$Builder.mergeFrom(ConnectionCreated.java:371)
2025-06-13 05:46:08,687 [ERROR] LogOutputStream:75 - [STDERR_REDIRECT] 	at com.teamdev.jxbrowser.internal.rpc.ConnectionCreated$1.parsePartialFrom(ConnectionCreated.java:456)
2025-06-13 05:46:08,687 [ERROR] LogOutputStream:75 - [STDERR_REDIRECT] 	at com.teamdev.jxbrowser.internal.rpc.ConnectionCreated$1.parsePartialFrom(ConnectionCreated.java:448)
2025-06-13 05:46:08,687 [ERROR] LogOutputStream:75 - [STDERR_REDIRECT] 	at com.teamdev.jxbrowser.deps.com.google.protobuf.AbstractParser.parsePartialFrom(AbstractParser.java:215)
2025-06-13 05:46:08,687 [ERROR] LogOutputStream:75 - [STDERR_REDIRECT] 	at com.teamdev.jxbrowser.deps.com.google.protobuf.AbstractParser.parsePartialDelimitedFrom(AbstractParser.java:255)
2025-06-13 05:46:08,687 [ERROR] LogOutputStream:75 - [STDERR_REDIRECT] 	at com.teamdev.jxbrowser.deps.com.google.protobuf.AbstractParser.parseDelimitedFrom(AbstractParser.java:267)
2025-06-13 05:46:08,687 [ERROR] LogOutputStream:75 - [STDERR_REDIRECT] 	at com.teamdev.jxbrowser.deps.com.google.protobuf.AbstractParser.parseDelimitedFrom(AbstractParser.java:272)
2025-06-13 05:46:08,687 [ERROR] LogOutputStream:75 - [STDERR_REDIRECT] 	at com.teamdev.jxbrowser.deps.com.google.protobuf.AbstractParser.parseDelimitedFrom(AbstractParser.java:48)
2025-06-13 05:46:08,689 [ERROR] LogOutputStream:75 - [STDERR_REDIRECT] 	at com.teamdev.jxbrowser.deps.com.google.protobuf.GeneratedMessageV3.parseDelimitedWithIOException(GeneratedMessageV3.java:382)
2025-06-13 05:46:08,689 [ERROR] LogOutputStream:75 - [STDERR_REDIRECT] 	at com.teamdev.jxbrowser.internal.rpc.ConnectionCreated.parseDelimitedFrom(ConnectionCreated.java:174)
2025-06-13 05:46:08,689 [ERROR] LogOutputStream:75 - [STDERR_REDIRECT] 	at com.teamdev.jxbrowser.internal.rpc.transport.ConnectionServer$AcceptConnections.acceptConnection(ConnectionServer.java:184)
2025-06-13 05:46:08,689 [ERROR] LogOutputStream:75 - [STDERR_REDIRECT] 	at com.teamdev.jxbrowser.internal.rpc.transport.ConnectionServer$AcceptConnections.run(ConnectionServer.java:168)
2025-06-13 05:46:08,690 [ERROR] LogOutputStream:75 - [STDERR_REDIRECT] 	at java.base/java.lang.Thread.run(Thread.java:1583)
2025-06-13 05:46:08,690 [ERROR] LogOutputStream:75 - [STDERR_REDIRECT] 
2025-06-13 12:51:55,627 [INFO] McuFinderGlobals:63 - Set McuFinder mode to 2 (CubeIDE integrated)
2025-06-13 12:51:56,425 [INFO] MainUpdater:2872 - connection check result : 10
2025-06-13 12:51:56,439 [INFO] MainUpdater:2872 - connection check result : 10
2025-06-13 12:51:56,707 [INFO] MicroXplorer:468 - Change Database Path : 
2025-06-13 12:51:56,708 [INFO] MicroXplorer:498 - Change Database Version : DB.6.0.141
2025-06-13 12:51:56,720 [WARN] ThirdParty:871 - waiting for thirdparty lock release [close project]
2025-06-13 12:51:56,720 [INFO] ThirdParty:873 - entering critical section [close project]
2025-06-13 12:51:56,727 [INFO] ThirdParty:883 - exiting critical section [close project]
2025-06-13 12:51:56,733 [INFO] PinOutPanel:1589 - setPackage(No Configuration,No Configuration)
2025-06-13 12:51:56,742 [INFO] UtilMem:75 - Begin LoadConfig() Used Memory: 388322168 Bytes (486539264)
2025-06-13 12:52:02,176 [INFO] ServerAccessManage:473 - Download File stm32cube_db_v60130.zip
2025-06-13 12:52:31,819 [INFO] FileExtend:242 - Unzip File : stm32cube_db_v60130.zip
2025-06-13 12:52:31,819 [INFO] FileExtend:257 - Standard Zip Deflate
2025-06-13 12:52:44,582 [INFO] LoadServerPackagesThread:196 - End of LoadServerPackages Thread
2025-06-13 12:52:44,874 [INFO] CheckServerUpdateThread:120 - End of CheckServer Thread
2025-06-13 12:53:06,345 [INFO] MainUpdater:2872 - connection check result : 10
2025-06-13 12:53:06,346 [INFO] MainUpdater:2872 - connection check result : 10
