2025-06-17 17:44:53,090 [INFO] Activator:176 - 


2025-06-17 17:44:53,095 [INFO] Activator:177 - !SESSION log4j initialized
2025-06-17 17:45:03,003 [INFO] LogOutputStream:77 - [STDOUT_REDIRECT] 
2025-06-17 17:45:04,344 [INFO] ApplicationProperties:184 - Using Application install path: C:\ST\STM32CubeIDE_1.17.0\STM32CubeIDE\plugins\com.st.stm32cube.common.mx_6.14.1.202504091515
2025-06-17 17:45:04,365 [INFO] DbMcusXml:78 - Set database path to: C:\ST\STM32CubeIDE_1.17.0\STM32CubeIDE\plugins\com.st.stm32cube.common.mx_6.14.1.202504091515\\db\/mcu/
2025-06-17 17:45:04,365 [INFO] ApiDb:274 - Set plugin database path to: C:\ST\STM32CubeIDE_1.17.0\STM32CubeIDE\plugins\com.st.stm32cube.common.mx_6.14.1.202504091515\\db\/plugins/boardmanager/
2025-06-17 17:45:04,365 [WARN] ApiDb:259 - Overriding images path with different value:  => C:\ST\STM32CubeIDE_1.17.0\STM32CubeIDE\plugins\com.st.stm32cube.common.mx_6.14.1.202504091515\\db\/plugins/mcufinder/images/
2025-06-17 17:45:04,365 [INFO] ApiDb:250 - Set database path to: C:\Users\Arwar\.stmcufinder\plugins\mcufinder//mcu/
2025-06-17 17:45:04,365 [INFO] DbMcusAds:125 - Set database path to: C:\Users\Arwar\.stmcufinder\plugins\mcufinder//mcu/
2025-06-17 17:45:04,365 [INFO] CrossReferenceDbSqlite:203 - Set database path to: C:\Users\Arwar\.stmcufinder\plugins\mcufinder//mcu/cs/
2025-06-17 17:45:04,480 [INFO] RulesReader:64 - Compatibility file has been processed (302 Rules)
2025-06-17 17:45:04,589 [INFO] DbMcusXml:78 - Set database path to: C:\ST\STM32CubeIDE_1.17.0\STM32CubeIDE\plugins\com.st.stm32cube.common.mx_6.14.1.202504091515\\db\/mcu/
2025-06-17 17:45:04,589 [INFO] ApiDb:274 - Set plugin database path to: C:\ST\STM32CubeIDE_1.17.0\STM32CubeIDE\plugins\com.st.stm32cube.common.mx_6.14.1.202504091515\\db\/plugins/boardmanager/
2025-06-17 17:45:04,590 [INFO] ApiDb:261 - Set plugin images path to: C:\ST\STM32CubeIDE_1.17.0\STM32CubeIDE\plugins\com.st.stm32cube.common.mx_6.14.1.202504091515\\db\/plugins/mcufinder/images/
2025-06-17 17:45:04,590 [WARN] DbFile:41 - Overriding database path with different value: C:\Users\Arwar\.stmcufinder\plugins\mcufinder/ => C:\Users\Arwar\.stmcufinder\plugins\mcufinder
2025-06-17 17:45:04,590 [INFO] ApiDb:250 - Set database path to: C:\Users\Arwar\.stmcufinder\plugins\mcufinder//mcu/
2025-06-17 17:45:04,590 [WARN] DbFile:41 - Overriding database path with different value: C:\Users\Arwar\.stmcufinder\plugins\mcufinder/ => C:\Users\Arwar\.stmcufinder\plugins\mcufinder
2025-06-17 17:45:04,590 [INFO] DbMcusAds:125 - Set database path to: C:\Users\Arwar\.stmcufinder\plugins\mcufinder//mcu/
2025-06-17 17:45:04,590 [WARN] DbFile:41 - Overriding database path with different value: C:\Users\Arwar\.stmcufinder\plugins\mcufinder/ => C:\Users\Arwar\.stmcufinder\plugins\mcufinder
2025-06-17 17:45:04,590 [WARN] DbFile:41 - Overriding database path with different value: C:\Users\Arwar\.stmcufinder\plugins\mcufinder/ => C:\Users\Arwar\.stmcufinder\plugins\mcufinder
2025-06-17 17:45:04,590 [INFO] CrossReferenceDbSqlite:203 - Set database path to: C:\Users\Arwar\.stmcufinder\plugins\mcufinder//mcu/cs/
2025-06-17 17:45:04,671 [INFO] MainPanel:272 - HeapMemory: 268435456
2025-06-17 17:45:04,797 [INFO] DbMcusXml:78 - Set database path to: C:\ST\STM32CubeIDE_1.17.0\STM32CubeIDE\plugins\com.st.stm32cube.common.mx_6.14.1.202504091515\\db\/mcu/
2025-06-17 17:45:04,797 [INFO] ApiDb:274 - Set plugin database path to: C:\ST\STM32CubeIDE_1.17.0\STM32CubeIDE\plugins\com.st.stm32cube.common.mx_6.14.1.202504091515\\db\/plugins/boardmanager/
2025-06-17 17:45:04,797 [INFO] ApiDb:261 - Set plugin images path to: C:\ST\STM32CubeIDE_1.17.0\STM32CubeIDE\plugins\com.st.stm32cube.common.mx_6.14.1.202504091515\\db\/plugins/mcufinder/images/
2025-06-17 17:45:04,797 [WARN] DbFile:41 - Overriding database path with different value: C:\Users\Arwar\.stmcufinder\plugins\mcufinder/ => C:\Users\Arwar\.stmcufinder\plugins\mcufinder
2025-06-17 17:45:04,799 [INFO] ApiDb:250 - Set database path to: C:\Users\Arwar\.stmcufinder\plugins\mcufinder//mcu/
2025-06-17 17:45:04,799 [WARN] DbFile:41 - Overriding database path with different value: C:\Users\Arwar\.stmcufinder\plugins\mcufinder/ => C:\Users\Arwar\.stmcufinder\plugins\mcufinder
2025-06-17 17:45:04,799 [INFO] DbMcusAds:125 - Set database path to: C:\Users\Arwar\.stmcufinder\plugins\mcufinder//mcu/
2025-06-17 17:45:04,799 [WARN] DbFile:41 - Overriding database path with different value: C:\Users\Arwar\.stmcufinder\plugins\mcufinder/ => C:\Users\Arwar\.stmcufinder\plugins\mcufinder
2025-06-17 17:45:04,799 [WARN] DbFile:41 - Overriding database path with different value: C:\Users\Arwar\.stmcufinder\plugins\mcufinder/ => C:\Users\Arwar\.stmcufinder\plugins\mcufinder
2025-06-17 17:45:04,799 [INFO] CrossReferenceDbSqlite:203 - Set database path to: C:\Users\Arwar\.stmcufinder\plugins\mcufinder//mcu/cs/
2025-06-17 17:45:04,817 [INFO] ApplicationProperties:184 - Using Application install path: C:\ST\STM32CubeIDE_1.17.0\STM32CubeIDE\plugins\com.st.stm32cube.common.mx_6.14.1.202504091515
2025-06-17 17:45:04,818 [INFO] PluginManage:196 - Search for loadable plugins [exclusion list=, ]
2025-06-17 17:45:04,819 [INFO] PluginManage:310 - Check plugin analytics
2025-06-17 17:45:04,953 [INFO] AnalyticsPlugin:253 - Accepted Software Licenses: 
2025-06-17 17:45:04,953 [INFO] AnalyticsPlugin:255 - Accepted CMSIS Pack Licenses: 
2025-06-17 17:45:04,953 [INFO] AnalyticsPlugin:257 - Accepted Firmware Licenses: FW.F4.1.28.0
2025-06-17 17:45:04,955 [INFO] PluginManage:359 - Loaded plugin analytics (category:tool,tabindex:-1)
2025-06-17 17:45:04,955 [INFO] PluginManage:310 - Check plugin cadmodel
2025-06-17 17:45:04,975 [INFO] CADModel:105 - Init CAD model plugin
2025-06-17 17:45:04,975 [INFO] PluginManage:359 - Loaded plugin cadmodel (category:power,tabindex:5)
2025-06-17 17:45:04,975 [INFO] PluginManage:310 - Check plugin clock
2025-06-17 17:45:04,997 [INFO] PluginManage:359 - Loaded plugin clock (category:base,tabindex:2)
2025-06-17 17:45:04,997 [INFO] PluginManage:310 - Check plugin ddr
2025-06-17 17:45:04,999 [INFO] PluginManage:359 - Loaded plugin ddr (category:tool,tabindex:6)
2025-06-17 17:45:04,999 [INFO] PluginManage:310 - Check plugin filemanager
2025-06-17 17:45:05,125 [INFO] PluginManage:359 - Loaded plugin filemanager (category:base,tabindex:10)
2025-06-17 17:45:05,125 [INFO] PluginManage:310 - Check plugin ipmanager
2025-06-17 17:45:05,132 [INFO] PluginManage:359 - Loaded plugin ipmanager (category:base,tabindex:5)
2025-06-17 17:45:05,132 [INFO] PluginManage:310 - Check plugin lpbam
2025-06-17 17:45:05,151 [INFO] PluginManage:359 - Loaded plugin lpbam (category:base,tabindex:0)
2025-06-17 17:45:05,151 [INFO] PluginManage:310 - Check plugin memorymap
2025-06-17 17:45:05,176 [INFO] PluginManage:359 - Loaded plugin memorymap (category:base,tabindex:4)
2025-06-17 17:45:05,176 [INFO] PluginManage:310 - Check plugin pinoutandconfiguration
2025-06-17 17:45:05,197 [INFO] PluginManage:359 - Loaded plugin pinoutandconfiguration (category:base,tabindex:1)
2025-06-17 17:45:05,197 [INFO] PluginManage:310 - Check plugin pinoutconfig
2025-06-17 17:45:05,471 [WARN] SupportedApi:132 - Cannot load RTOS API schema: s4s-elt-must-match.1: The content of 'definitions' must match (annotation?, (simpleType | complexType)?, (unique | key | keyref)*)). A problem was found starting at: attribute.
2025-06-17 17:45:05,586 [INFO] PluginManage:359 - Loaded plugin pinoutconfig (category:base,tabindex:0)
2025-06-17 17:45:05,586 [INFO] PluginManage:310 - Check plugin power
2025-06-17 17:45:05,608 [INFO] PluginManage:359 - Loaded plugin power (category:power,tabindex:4)
2025-06-17 17:45:05,608 [INFO] PluginManage:310 - Check plugin projectmanager
2025-06-17 17:45:05,622 [INFO] PluginManage:359 - Loaded plugin projectmanager (category:projectmanager,tabindex:4)
2025-06-17 17:45:05,622 [INFO] PluginManage:310 - Check plugin rif
2025-06-17 17:45:05,640 [INFO] PluginManage:359 - Loaded plugin rif (category:base,tabindex:3)
2025-06-17 17:45:05,640 [INFO] PluginManage:310 - Check plugin thirdparty
2025-06-17 17:45:05,950 [INFO] PluginManage:359 - Loaded plugin thirdparty (category:base,tabindex:-1)
2025-06-17 17:45:05,950 [WARN] IntegrityCheckThread:84 - waiting for thirdparty lock release [integrity check]
2025-06-17 17:45:05,950 [INFO] PluginManage:310 - Check plugin tools
2025-06-17 17:45:05,950 [INFO] IntegrityCheckThread:86 - entering critical section [integrity check]
2025-06-17 17:45:05,951 [INFO] ThirdPartyUpdaterWithRetryManager:70 - Updater plugin not ready yet. [1/15]
2025-06-17 17:45:05,985 [INFO] PluginManage:359 - Loaded plugin tools (category:base,tabindex:7)
2025-06-17 17:45:05,985 [INFO] PluginManage:310 - Check plugin tutovideos
2025-06-17 17:45:06,164 [INFO] PluginManage:359 - Loaded plugin tutovideos (category:base,tabindex:-1)
2025-06-17 17:45:06,164 [INFO] PluginManage:310 - Check plugin updater
2025-06-17 17:45:06,183 [INFO] PluginManage:359 - Loaded plugin updater (category:base,tabindex:12)
2025-06-17 17:45:06,184 [INFO] PluginManage:310 - Check plugin userauth
2025-06-17 17:45:06,189 [INFO] UserAuth:118 - Init User Auth plugin
2025-06-17 17:45:06,189 [INFO] PluginManage:359 - Loaded plugin userauth (category:base,tabindex:14)
2025-06-17 17:45:06,190 [INFO] PluginManage:283 - PluginManage : Loaded plugins [18]
2025-06-17 17:45:06,399 [INFO] PinOutPanel:1589 - setPackage(No Configuration,No Configuration)
2025-06-17 17:45:06,484 [INFO] CADModel:165 - CPN selected for project level
2025-06-17 17:45:06,484 [INFO] CADModel:114 - Register for checkConnection events
2025-06-17 17:45:06,512 [INFO] IPUIPlugin:80 - create IPUIPlugin
2025-06-17 17:45:06,512 [INFO] PluginManager:220 - loadIPPluginJar : add adc
2025-06-17 17:45:06,550 [INFO] IPUIPlugin:80 - create IPUIPlugin
2025-06-17 17:45:06,550 [INFO] PluginManager:220 - loadIPPluginJar : add aes
2025-06-17 17:45:06,594 [INFO] IPUIPlugin:80 - create IPUIPlugin
2025-06-17 17:45:06,594 [INFO] PluginManager:220 - loadIPPluginJar : add can
2025-06-17 17:45:06,616 [INFO] IPUIPlugin:80 - create IPUIPlugin
2025-06-17 17:45:06,617 [INFO] PluginManager:220 - loadIPPluginJar : add comp
2025-06-17 17:45:06,645 [INFO] IPUIPlugin:80 - create IPUIPlugin
2025-06-17 17:45:06,645 [INFO] PluginManager:220 - loadIPPluginJar : add cryp
2025-06-17 17:45:06,658 [INFO] IPUIPlugin:80 - create IPUIPlugin
2025-06-17 17:45:06,659 [INFO] PluginManager:220 - loadIPPluginJar : add ddr_ctrl_phy
2025-06-17 17:45:06,685 [INFO] IPUIPlugin:80 - create IPUIPlugin
2025-06-17 17:45:06,685 [INFO] PluginManager:220 - loadIPPluginJar : add dfsdm
2025-06-17 17:45:06,700 [INFO] IPUIPlugin:80 - create IPUIPlugin
2025-06-17 17:45:06,701 [INFO] PluginManager:220 - loadIPPluginJar : add dma
2025-06-17 17:45:06,734 [INFO] IPUIPlugin:80 - create IPUIPlugin
2025-06-17 17:45:06,734 [INFO] PluginManager:220 - loadIPPluginJar : add dma3
2025-06-17 17:45:06,779 [INFO] IPUIPlugin:80 - create IPUIPlugin
2025-06-17 17:45:06,779 [INFO] PluginManager:220 - loadIPPluginJar : add extmemmanager
2025-06-17 17:45:06,798 [INFO] IPUIPlugin:80 - create IPUIPlugin
2025-06-17 17:45:06,798 [INFO] PluginManager:220 - loadIPPluginJar : add fatfs
2025-06-17 17:45:06,842 [INFO] IPUIPlugin:80 - create IPUIPlugin
2025-06-17 17:45:06,842 [INFO] PluginManager:220 - loadIPPluginJar : add fmc
2025-06-17 17:45:06,859 [INFO] IPUIPlugin:80 - create IPUIPlugin
2025-06-17 17:45:06,860 [INFO] PluginManager:220 - loadIPPluginJar : add freertos
2025-06-17 17:45:06,881 [INFO] IPUIPlugin:80 - create IPUIPlugin
2025-06-17 17:45:06,882 [INFO] PluginManager:220 - loadIPPluginJar : add genericplugin
2025-06-17 17:45:06,957 [INFO] IPUIPlugin:80 - create IPUIPlugin
2025-06-17 17:45:06,958 [INFO] PluginManager:220 - loadIPPluginJar : add gfxmmu
2025-06-17 17:45:07,065 [INFO] IPUIPlugin:80 - create IPUIPlugin
2025-06-17 17:45:07,066 [INFO] PluginManager:220 - loadIPPluginJar : add gic
2025-06-17 17:45:08,097 [INFO] IPUIPlugin:80 - create IPUIPlugin
2025-06-17 17:45:08,097 [INFO] PluginManager:220 - loadIPPluginJar : add gpio
2025-06-17 17:45:08,485 [INFO] IPUIPlugin:80 - create IPUIPlugin
2025-06-17 17:45:08,485 [INFO] PluginManager:220 - loadIPPluginJar : add gtzc
2025-06-17 17:45:08,952 [INFO] ThirdPartyUpdaterWithRetryManager:70 - Updater plugin not ready yet. [2/15]
2025-06-17 17:45:08,969 [INFO] IPUIPlugin:80 - create IPUIPlugin
2025-06-17 17:45:08,969 [INFO] PluginManager:220 - loadIPPluginJar : add hash
2025-06-17 17:45:09,415 [INFO] IPUIPlugin:80 - create IPUIPlugin
2025-06-17 17:45:09,415 [INFO] PluginManager:220 - loadIPPluginJar : add i2c
2025-06-17 17:45:09,960 [INFO] IPUIPlugin:80 - create IPUIPlugin
2025-06-17 17:45:09,960 [INFO] PluginManager:220 - loadIPPluginJar : add i2s
2025-06-17 17:45:09,994 [INFO] IPUIPlugin:80 - create IPUIPlugin
2025-06-17 17:45:09,994 [INFO] PluginManager:220 - loadIPPluginJar : add i3c
2025-06-17 17:45:10,082 [INFO] IPUIPlugin:80 - create IPUIPlugin
2025-06-17 17:45:10,082 [INFO] PluginManager:220 - loadIPPluginJar : add ipddr
2025-06-17 17:45:10,156 [INFO] IPUIPlugin:80 - create IPUIPlugin
2025-06-17 17:45:10,156 [INFO] PluginManager:220 - loadIPPluginJar : add linkedlist
2025-06-17 17:45:10,187 [INFO] IPUIPlugin:80 - create IPUIPlugin
2025-06-17 17:45:10,187 [INFO] PluginManager:220 - loadIPPluginJar : add lorawan
2025-06-17 17:45:10,218 [INFO] IPUIPlugin:80 - create IPUIPlugin
2025-06-17 17:45:10,218 [INFO] PluginManager:220 - loadIPPluginJar : add ltdc
2025-06-17 17:45:10,232 [INFO] IPUIPlugin:80 - create IPUIPlugin
2025-06-17 17:45:10,232 [INFO] PluginManager:220 - loadIPPluginJar : add mdma
2025-06-17 17:45:10,245 [INFO] IPUIPlugin:80 - create IPUIPlugin
2025-06-17 17:45:10,245 [INFO] PluginManager:220 - loadIPPluginJar : add nvic
2025-06-17 17:45:10,277 [INFO] IPUIPlugin:80 - create IPUIPlugin
2025-06-17 17:45:10,277 [INFO] PluginManager:220 - loadIPPluginJar : add opamp
2025-06-17 17:45:10,326 [INFO] IPUIPlugin:80 - create IPUIPlugin
2025-06-17 17:45:10,326 [INFO] PluginManager:220 - loadIPPluginJar : add openamp
2025-06-17 17:45:10,368 [INFO] IPUIPlugin:80 - create IPUIPlugin
2025-06-17 17:45:10,368 [INFO] PluginManager:220 - loadIPPluginJar : add pdm2pcm
2025-06-17 17:45:10,381 [INFO] IPUIPlugin:80 - create IPUIPlugin
2025-06-17 17:45:10,382 [INFO] PluginManager:220 - loadIPPluginJar : add plateformsettings
2025-06-17 17:45:10,408 [INFO] IPUIPlugin:80 - create IPUIPlugin
2025-06-17 17:45:10,409 [INFO] PluginManager:220 - loadIPPluginJar : add quadspi
2025-06-17 17:45:10,438 [INFO] IPUIPlugin:80 - create IPUIPlugin
2025-06-17 17:45:10,438 [INFO] PluginManager:220 - loadIPPluginJar : add radio
2025-06-17 17:45:10,455 [INFO] IPUIPlugin:80 - create IPUIPlugin
2025-06-17 17:45:10,455 [INFO] PluginManager:220 - loadIPPluginJar : add resmgrutility
2025-06-17 17:45:10,501 [INFO] IPUIPlugin:80 - create IPUIPlugin
2025-06-17 17:45:10,501 [INFO] PluginManager:220 - loadIPPluginJar : add sai
2025-06-17 17:45:10,535 [INFO] IPUIPlugin:80 - create IPUIPlugin
2025-06-17 17:45:10,535 [INFO] PluginManager:220 - loadIPPluginJar : add spi
2025-06-17 17:45:10,602 [INFO] IPUIPlugin:80 - create IPUIPlugin
2025-06-17 17:45:10,602 [INFO] PluginManager:220 - loadIPPluginJar : add stm32_wpan
2025-06-17 17:45:10,625 [INFO] IPUIPlugin:80 - create IPUIPlugin
2025-06-17 17:45:10,625 [INFO] PluginManager:220 - loadIPPluginJar : add tim
2025-06-17 17:45:10,675 [INFO] IPUIPlugin:80 - create IPUIPlugin
2025-06-17 17:45:10,675 [INFO] PluginManager:220 - loadIPPluginJar : add touchsensing
2025-06-17 17:45:10,698 [INFO] IPUIPlugin:80 - create IPUIPlugin
2025-06-17 17:45:10,698 [INFO] PluginManager:220 - loadIPPluginJar : add tracer_emb
2025-06-17 17:45:10,721 [INFO] IPUIPlugin:80 - create IPUIPlugin
2025-06-17 17:45:10,721 [INFO] PluginManager:220 - loadIPPluginJar : add ts
2025-06-17 17:45:10,744 [INFO] IPUIPlugin:80 - create IPUIPlugin
2025-06-17 17:45:10,744 [INFO] PluginManager:220 - loadIPPluginJar : add tsc
2025-06-17 17:45:10,764 [INFO] IPUIPlugin:80 - create IPUIPlugin
2025-06-17 17:45:10,764 [INFO] PluginManager:220 - loadIPPluginJar : add ucpd
2025-06-17 17:45:10,802 [INFO] IPUIPlugin:80 - create IPUIPlugin
2025-06-17 17:45:10,802 [INFO] PluginManager:220 - loadIPPluginJar : add usart
2025-06-17 17:45:10,842 [INFO] IPUIPlugin:80 - create IPUIPlugin
2025-06-17 17:45:10,842 [INFO] PluginManager:220 - loadIPPluginJar : add usbx
2025-06-17 17:45:10,960 [FATAL] Updater:351 - Updater called before beeing initialized
2025-06-17 17:45:10,978 [INFO] RulesReader:64 - Compatibility file has been processed (302 Rules)
2025-06-17 17:45:10,987 [INFO] RulesReader:64 - Compatibility file has been processed (302 Rules)
2025-06-17 17:45:10,992 [INFO] CADModel:165 - CPN selected for project level
2025-06-17 17:45:10,993 [INFO] CADModel:114 - Register for checkConnection events
2025-06-17 17:45:10,993 [FATAL] Updater:351 - Updater called before beeing initialized
2025-06-17 17:45:10,993 [ERROR] CADModel:125 - Updater not yet initialized, retry later 
2025-06-17 17:45:11,142 [FATAL] Updater:351 - Updater called before beeing initialized
2025-06-17 17:45:11,144 [INFO] CADModel:165 - CPN selected for project level
2025-06-17 17:45:11,144 [INFO] CADModel:114 - Register for checkConnection events
2025-06-17 17:45:11,144 [FATAL] Updater:351 - Updater called before beeing initialized
2025-06-17 17:45:11,144 [ERROR] CADModel:125 - Updater not yet initialized, retry later 
2025-06-17 17:45:11,149 [FATAL] Updater:351 - Updater called before beeing initialized
2025-06-17 17:45:11,248 [FATAL] Updater:351 - Updater called before beeing initialized
2025-06-17 17:45:11,259 [INFO] DbMcusAds:53 - JSON generation date=Wed May 07 12:07:55 EEST 2025 (1746608875484)
2025-06-17 17:45:11,259 [FATAL] Updater:351 - Updater called before beeing initialized
2025-06-17 17:45:11,292 [WARN] DetailPanel:346 - Failed to get advertising image, set to default
2025-06-17 17:45:11,493 [FATAL] Updater:351 - Updater called before beeing initialized
2025-06-17 17:45:11,495 [FATAL] Updater:351 - Updater called before beeing initialized
2025-06-17 17:45:11,495 [FATAL] Updater:351 - Updater called before beeing initialized
2025-06-17 17:45:11,495 [WARN] DetailPanel:346 - Failed to get advertising image, set to default
2025-06-17 17:45:11,496 [FATAL] Updater:351 - Updater called before beeing initialized
2025-06-17 17:45:11,550 [ERROR] Updater:1198 - MainUpdater not yet initialized. External WinMGr cannot be set.
2025-06-17 17:45:11,559 [INFO] Updater:1134 - Updater Version found : 6.14.1
2025-06-17 17:45:11,577 [INFO] ApplicationProperties:184 - Using Application install path: C:\ST\STM32CubeIDE_1.17.0\STM32CubeIDE\plugins\com.st.stm32cube.common.mx_6.14.1.202504091515
2025-06-17 17:45:11,953 [INFO] ThirdPartyUpdaterWithRetryManager:70 - Updater plugin not ready yet. [3/15]
2025-06-17 17:45:12,332 [INFO] MainUpdater:2872 - connection check result : 10
2025-06-17 17:45:12,332 [INFO] MainUpdater:289 - Updater Check For Update Now.
2025-06-17 17:45:12,332 [INFO] MicroXplorer:498 - Change Database Version : DB.6.0.141
2025-06-17 17:45:12,347 [INFO] McuFinderGlobals:63 - Set McuFinder mode to 2 (CubeIDE integrated)
2025-06-17 17:45:12,347 [INFO] UserAuth:171 - activating auth plugin
2025-06-17 17:45:12,350 [INFO] UserAuth:484 - Internet connection configuration mode: 1
2025-06-17 17:45:12,380 [INFO] JxBrowserEngine:152 - Initiate JxBrowser Engine with user profile folder
2025-06-17 17:45:12,516 [INFO] CheckServerUpdateThread:120 - End of CheckServer Thread
2025-06-17 17:45:13,560 [INFO] WebApp:169 - Instantiating new browser for Auth
2025-06-17 17:45:14,383 [INFO] WebApp:463 - Apply proxy settings
2025-06-17 17:45:14,383 [INFO] WebApp:548 - Chromium requires no authentication
2025-06-17 17:45:14,398 [INFO] WebApp:491 - Direct internet connection detected
2025-06-17 17:45:14,440 [INFO] WebApp:894 - Register for checkConnection events
2025-06-17 17:45:14,441 [INFO] WebApp:463 - Apply proxy settings
2025-06-17 17:45:14,441 [INFO] WebApp:548 - Chromium requires no authentication
2025-06-17 17:45:14,441 [INFO] WebApp:491 - Direct internet connection detected
2025-06-17 17:45:14,678 [INFO] WebApp:225 - Starting web application
2025-06-17 17:45:14,678 [INFO] WebApp:593 - Web application path used C:\ST\STM32CubeIDE_1.17.0\STM32CubeIDE\plugins\com.st.stm32cube.common.mx_6.14.1.202504091515\db\plugins\mcufinder\reactClient1\index.html
2025-06-17 17:45:15,001 [INFO] WebApp:191 - Connection restablished
2025-06-17 17:45:15,316 [WARN] PackLoader:240 - Cannot read IP mode file for STMicroelectronics.FP-SNS-MOTENVWB1.1.4.0
2025-06-17 17:45:15,340 [WARN] PackLoader:240 - Cannot read IP mode file for STMicroelectronics.FP-ATR-ASTRA1.2.0.2
2025-06-17 17:45:15,357 [WARN] PackLoader:240 - Cannot read IP mode file for STMicroelectronics.FP-ATR-ASTRA1.2.0.1
2025-06-17 17:45:15,382 [WARN] PackLoader:240 - Cannot read IP mode file for STMicroelectronics.X-CUBE-SMBUS.2.1.0
2025-06-17 17:45:15,412 [WARN] PackLoader:240 - Cannot read IP mode file for STMicroelectronics.X-CUBE-WB05N.1.1.0
2025-06-17 17:45:15,446 [WARN] PackLoader:240 - Cannot read IP mode file for STMicroelectronics.X-CUBE-ST60.1.0.0
2025-06-17 17:45:15,532 [WARN] PackLoader:240 - Cannot read IP mode file for STMicroelectronics.X-CUBE-AZRTOS-F7.1.1.0
2025-06-17 17:45:15,571 [WARN] PackLoader:240 - Cannot read IP mode file for STMicroelectronics.FP-SNS-FLIGHT1.5.0.2
2025-06-17 17:45:15,634 [WARN] PackLoader:240 - Cannot read IP mode file for Infineon.AIROC-Wi-Fi-Bluetooth-STM32.1.7.0
2025-06-17 17:45:15,666 [WARN] PackLoader:240 - Cannot read IP mode file for STMicroelectronics.X-CUBE-DISPLAY.3.0.0
2025-06-17 17:45:15,690 [WARN] PackLoader:240 - Cannot read IP mode file for STMicroelectronics.X-CUBE-BLE1.7.0.0
2025-06-17 17:45:15,717 [WARN] PackLoader:240 - Cannot read IP mode file for STMicroelectronics.X-CUBE-NFC10.1.0.0
2025-06-17 17:45:15,746 [WARN] PackLoader:240 - Cannot read IP mode file for STMicroelectronics.X-CUBE-BLEMGR.4.0.0
2025-06-17 17:45:15,768 [WARN] PackLoader:240 - Cannot read IP mode file for emotas.I-CUBE-CANOPEN.1.3.0
2025-06-17 17:45:15,785 [WARN] ConditionMgr:438 - getConditionDescription Invalid condition id : Cortex-A Device cause : null
2025-06-17 17:45:15,813 [WARN] ConditionMgr:1044 - genDependencies : Invalid condition id : Cortex-A Device cause : null
2025-06-17 17:45:15,814 [WARN] ConditionMgr:1044 - genDependencies : Invalid condition id : Cortex-A Device cause : null
2025-06-17 17:45:15,814 [WARN] ConditionMgr:1044 - genDependencies : Invalid condition id : Cortex-A Device cause : null
2025-06-17 17:45:15,830 [WARN] PackLoader:240 - Cannot read IP mode file for STMicroelectronics.X-CUBE-AI.10.0.0
2025-06-17 17:45:15,856 [WARN] PackLoader:240 - Cannot read IP mode file for STMicroelectronics.FP-SNS-SMARTAG2.1.2.0
2025-06-17 17:45:15,879 [WARN] PackLoader:240 - Cannot read IP mode file for STMicroelectronics.FP-SNS-FLIGHT1.5.1.0
2025-06-17 17:45:15,951 [WARN] PackLoader:240 - Cannot read IP mode file for STMicroelectronics.X-CUBE-MEMS1.11.1.0
2025-06-17 17:45:16,105 [INFO] LogOutputStream:77 - [STDOUT_REDIRECT] 1 : Invalid condition id : UX_CORESTACK_Condition cause : null
2025-06-17 17:45:16,107 [INFO] LogOutputStream:77 - [STDOUT_REDIRECT] 1 : Invalid condition id : UX_CORESTACK_Condition cause : null
2025-06-17 17:45:16,108 [INFO] LogOutputStream:77 - [STDOUT_REDIRECT] 1 : Invalid condition id : UX_CORESTACK_Condition cause : null
2025-06-17 17:45:16,111 [INFO] LogOutputStream:77 - [STDOUT_REDIRECT] 1 : Invalid condition id : UX_CORESTACK_Condition cause : null
2025-06-17 17:45:16,113 [INFO] LogOutputStream:77 - [STDOUT_REDIRECT] 1 : Invalid condition id : UX_CORESTACK_Condition cause : null
2025-06-17 17:45:16,118 [WARN] PackLoader:240 - Cannot read IP mode file for STMicroelectronics.X-CUBE-AZRTOS-WL.2.0.0
2025-06-17 17:45:16,165 [WARN] PackLoader:240 - Cannot read IP mode file for STMicroelectronics.FP-SNS-MOTENV1.5.0.0
2025-06-17 17:45:16,206 [WARN] PackLoader:240 - Cannot read IP mode file for WES.I-CUBE-Cesium.1.3.0
2025-06-17 17:45:16,230 [WARN] PackLoader:240 - Cannot read IP mode file for STMicroelectronics.X-CUBE-BLE2.3.3.0
2025-06-17 17:45:16,251 [WARN] PackLoader:240 - Cannot read IP mode file for STMicroelectronics.X-CUBE-NFC9.1.0.0
2025-06-17 17:45:16,277 [WARN] PackLoader:240 - Cannot read IP mode file for wolfSSL.I-CUBE-wolfSSL.5.8.0
2025-06-17 17:45:16,296 [WARN] PackLoader:240 - Cannot read IP mode file for STMicroelectronics.X-CUBE-BLE1.7.1.0
2025-06-17 17:45:16,316 [WARN] PackLoader:240 - Cannot read IP mode file for wolfSSL.I-CUBE-wolfMQTT.1.19.2
2025-06-17 17:45:16,337 [WARN] PackLoader:240 - Cannot read IP mode file for STMicroelectronics.X-CUBE-AI.10.1.0
2025-06-17 17:45:16,423 [WARN] PackLoader:240 - Cannot read IP mode file for STMicroelectronics.X-CUBE-MEMS1.11.2.0
2025-06-17 17:45:16,547 [WARN] PackLoader:240 - Cannot read IP mode file for STMicroelectronics.X-CUBE-AZRTOS-G0.1.1.0
2025-06-17 17:45:16,570 [WARN] PackLoader:240 - Cannot read IP mode file for STMicroelectronics.X-CUBE-SAFEA1.1.2.2
2025-06-17 17:45:16,588 [WARN] PackLoader:240 - Cannot read IP mode file for STMicroelectronics.X-CUBE-NFC4.3.0.0
2025-06-17 17:45:16,608 [WARN] PackLoader:240 - Cannot read IP mode file for EmbeddedOffice.I-CUBE-FS-RTOS.1.0.1
2025-06-17 17:45:16,628 [WARN] PackLoader:240 - Cannot read IP mode file for STMicroelectronics.X-CUBE-WB05N.2.0.0
2025-06-17 17:45:16,649 [WARN] PackLoader:240 - Cannot read IP mode file for wolfSSL.I-CUBE-wolfTPM.3.8.0
2025-06-17 17:45:16,669 [WARN] PackLoader:240 - Cannot read IP mode file for STMicroelectronics.X-CUBE-TCPP.4.2.0
2025-06-17 17:45:16,692 [WARN] PackLoader:240 - Cannot read IP mode file for RealThread.X-CUBE-RT-Thread_Nano.4.1.1
2025-06-17 17:45:16,720 [WARN] PackLoader:240 - Cannot read IP mode file for STMicroelectronics.FP-ATR-SIGFOX1.3.2.0
2025-06-17 17:45:16,745 [WARN] ConditionMgr:438 - getConditionDescription Invalid condition id : Cortex-A Device cause : null
2025-06-17 17:45:16,784 [WARN] ConditionMgr:1044 - genDependencies : Invalid condition id : Cortex-A Device cause : null
2025-06-17 17:45:16,784 [WARN] ConditionMgr:1044 - genDependencies : Invalid condition id : Cortex-A Device cause : null
2025-06-17 17:45:16,784 [WARN] ConditionMgr:1044 - genDependencies : Invalid condition id : Cortex-A Device cause : null
2025-06-17 17:45:16,806 [WARN] PackLoader:240 - Cannot read IP mode file for STMicroelectronics.X-CUBE-EEPRMA1.5.1.0
2025-06-17 17:45:16,830 [WARN] PackLoader:240 - Cannot read IP mode file for wolfSSL.I-CUBE-wolfSSL.5.7.6
2025-06-17 17:45:16,858 [WARN] PackLoader:240 - Cannot read IP mode file for ITTIA_DB.I-CUBE-ITTIADB.8.9.0
2025-06-17 17:45:16,880 [WARN] PackLoader:240 - Cannot read IP mode file for STMicroelectronics.X-CUBE-ST67W61.1.0.0
2025-06-17 17:45:16,923 [WARN] PackLoader:240 - Cannot read IP mode file for SEGGER.I-CUBE-embOS.1.3.1
2025-06-17 17:45:16,966 [WARN] PackLoader:240 - Cannot read IP mode file for STMicroelectronics.X-CUBE-ALGOBUILD.1.4.0
2025-06-17 17:45:17,017 [WARN] PackLoader:240 - Cannot read IP mode file for STMicroelectronics.X-CUBE-MEMS1.11.3.0
2025-06-17 17:45:17,116 [WARN] PackLoader:240 - Cannot read IP mode file for STMicroelectronics.X-CUBE-AZRTOS-F4.1.1.0
2025-06-17 17:45:17,141 [WARN] PackLoader:240 - Cannot read IP mode file for Avnet-IotConnect.X-CUBE-IoTC-DA16k-PMOD.1.0.0
2025-06-17 17:45:17,167 [WARN] PackLoader:240 - Cannot read IP mode file for STMicroelectronics.X-CUBE-ISPU.2.1.0
2025-06-17 17:45:17,203 [WARN] PackLoader:240 - Cannot read IP mode file for STMicroelectronics.X-CUBE-AZRTOS-L5.2.0.0
2025-06-17 17:45:17,223 [WARN] PackLoader:240 - Cannot read IP mode file for STMicroelectronics.X-CUBE-NFC6.3.1.0
2025-06-17 17:45:17,239 [WARN] PackLoader:240 - Cannot read IP mode file for STMicroelectronics.X-CUBE-DPower.1.2.0
2025-06-17 17:45:17,259 [WARN] PackLoader:240 - Cannot read IP mode file for STMicroelectronics.X-CUBE-FREERTOS.1.3.1
2025-06-17 17:45:17,275 [WARN] PackLoader:240 - Cannot read IP mode file for STMicroelectronics.X-CUBE-FREERTOS.1.3.0
2025-06-17 17:45:17,292 [WARN] PackLoader:240 - Cannot read IP mode file for STMicroelectronics.X-CUBE-NFC7.1.0.1
2025-06-17 17:45:17,312 [WARN] PackLoader:240 - Cannot read IP mode file for STMicroelectronics.X-CUBE-DPower.1.3.0
2025-06-17 17:45:17,341 [WARN] ConditionMgr:438 - getConditionDescription Invalid condition id : LAN8742 Phy interface Condition cause : null
2025-06-17 17:45:17,342 [WARN] PackLoader:240 - Cannot read IP mode file for STMicroelectronics.X-CUBE-AZRTOS-L4.2.0.0
2025-06-17 17:45:17,343 [WARN] ConditionMgr:1044 - genDependencies : Invalid condition id : LAN8742 Phy interface Condition cause : null
2025-06-17 17:45:17,343 [WARN] ConditionMgr:1044 - genDependencies : Invalid condition id : LAN8742 Phy interface Condition cause : null
2025-06-17 17:45:17,344 [WARN] ConditionMgr:1044 - genDependencies : Invalid condition id : LAN8742 Phy interface Condition cause : null
2025-06-17 17:45:17,369 [WARN] PackLoader:240 - Cannot read IP mode file for STMicroelectronics.X-CUBE-SFXS2LP1.4.0.0
2025-06-17 17:45:17,409 [WARN] PackLoader:240 - Cannot read IP mode file for STMicroelectronics.X-CUBE-AZRTOS-H7.3.3.0
2025-06-17 17:45:17,444 [WARN] ConditionMgr:438 - getConditionDescription Invalid condition id : UX DEVICE CLASS RTOS Condition cause : null
2025-06-17 17:45:17,444 [WARN] ConditionMgr:438 - getConditionDescription Invalid condition id : UX DEVICE CLASS RTOS Condition cause : null
2025-06-17 17:45:17,446 [WARN] PackLoader:240 - Cannot read IP mode file for STMicroelectronics.X-CUBE-AZRTOS-WB.2.0.0
2025-06-17 17:45:17,446 [WARN] ConditionMgr:1044 - genDependencies : Invalid condition id : UX DEVICE CLASS RTOS Condition cause : null
2025-06-17 17:45:17,446 [WARN] ConditionMgr:1044 - genDependencies : Invalid condition id : UX DEVICE CLASS RTOS Condition cause : null
2025-06-17 17:45:17,447 [WARN] ConditionMgr:1044 - genDependencies : Invalid condition id : UX DEVICE CLASS RTOS Condition cause : null
2025-06-17 17:45:17,447 [WARN] ConditionMgr:1044 - genDependencies : Invalid condition id : UX DEVICE CLASS RTOS Condition cause : null
2025-06-17 17:45:17,447 [WARN] ConditionMgr:1044 - genDependencies : Invalid condition id : UX DEVICE CLASS RTOS Condition cause : null
2025-06-17 17:45:17,465 [WARN] PackLoader:240 - Cannot read IP mode file for STMicroelectronics.X-CUBE-GNSS1.7.0.1
2025-06-17 17:45:17,488 [WARN] PackLoader:240 - Cannot read IP mode file for STMicroelectronics.X-CUBE-TOUCHGFX.4.25.0
2025-06-17 17:45:17,511 [WARN] PackLoader:240 - Cannot read IP mode file for STMicroelectronics.FP-SNS-STBOX1.2.0.0
2025-06-17 17:45:17,536 [WARN] PackLoader:240 - Cannot read IP mode file for STMicroelectronics.X-CUBE-SUBG2.5.0.0
2025-06-17 17:45:17,573 [WARN] PackLoader:240 - Cannot read IP mode file for STMicroelectronics.X-CUBE-AZRTOS-H7RS.1.1.0
2025-06-17 17:45:17,592 [WARN] PackLoader:240 - Cannot read IP mode file for Cesanta.I-CUBE-Mongoose.7.13.0
2025-06-17 17:45:17,624 [WARN] PackLoader:240 - Cannot read IP mode file for STMicroelectronics.X-CUBE-AZRTOS-G4.2.0.0
2025-06-17 17:45:17,640 [WARN] PackLoader:240 - Cannot read IP mode file for wolfSSL.I-CUBE-wolfSSH.1.4.20
2025-06-17 17:45:17,653 [WARN] PackLoader:240 - Cannot read IP mode file for STMicroelectronics.X-CUBE-NFC7.2.0.0
2025-06-17 17:45:17,671 [WARN] PackLoader:240 - Cannot read IP mode file for STMicroelectronics.X-CUBE-IPS.3.1.0
2025-06-17 17:45:17,689 [WARN] PackLoader:240 - Cannot read IP mode file for STMicroelectronics.X-CUBE-ALS.1.0.2
2025-06-17 17:45:17,704 [WARN] PackLoader:240 - Cannot read IP mode file for STMicroelectronics.X-CUBE-TOUCHGFX.4.24.2
2025-06-17 17:45:17,720 [WARN] PackLoader:240 - Cannot read IP mode file for portGmbH.I-Cube-SoM-uGOAL.1.1.0
2025-06-17 17:45:17,743 [WARN] PackLoader:240 - Cannot read IP mode file for STMicroelectronics.X-CUBE-AZRTOS-H7RS.1.0.0
2025-06-17 17:45:17,762 [WARN] PackLoader:240 - Cannot read IP mode file for STMicroelectronics.X-CUBE-TOF1.3.4.2
2025-06-17 17:45:17,784 [WARN] PackLoader:240 - Cannot read IP mode file for STMicroelectronics.X-CUBE-TOF1.3.4.3
2025-06-17 17:45:17,790 [INFO] ThirdParty:978 - Integrity check success = true
2025-06-17 17:45:17,790 [INFO] IntegrityCheckThread:100 - exiting critical section [integrity check]
2025-06-17 17:45:17,790 [INFO] IntegrityCheckThread:103 - End integrity checks thread
2025-06-17 19:30:07,003 [INFO] WebApp:194 - Connection lost
2025-06-17 21:38:40,289 [INFO] WebApp:191 - Connection restablished
2025-06-17 21:38:43,382 [INFO] WebApp:194 - Connection lost
2025-06-17 21:38:43,539 [INFO] WebApp:191 - Connection restablished
2025-06-17 21:40:26,066 [INFO] WebApp:194 - Connection lost
2025-06-17 21:40:26,273 [INFO] WebApp:191 - Connection restablished
